-------------------------------------------------------------------------------
Test set: com.example.shop.ConversationServiceTest
-------------------------------------------------------------------------------
Tests run: 7, Failures: 1, Errors: 0, Skipped: 0, Time elapsed: 0.403 s <<< FAILURE! -- in com.example.shop.ConversationServiceTest
com.example.shop.ConversationServiceTest.testCreateOrUpdateConversation -- Time elapsed: 0.052 s <<< FAILURE!
org.opentest4j.AssertionFailedError: expected: <2> but was: <1>
	at org.junit.jupiter.api.AssertionFailureBuilder.build(AssertionFailureBuilder.java:151)
	at org.junit.jupiter.api.AssertionFailureBuilder.buildAndThrow(AssertionFailureBuilder.java:132)
	at org.junit.jupiter.api.AssertEquals.failNotEqual(AssertEquals.java:197)
	at org.junit.jupiter.api.AssertEquals.assertEquals(AssertEquals.java:182)
	at org.junit.jupiter.api.AssertEquals.assertEquals(AssertEquals.java:177)
	at org.junit.jupiter.api.Assertions.assertEquals(Assertions.java:538)
	at com.example.shop.ConversationServiceTest.testCreateOrUpdateConversation(ConversationServiceTest.java:95)
	at java.base/java.lang.reflect.Method.invoke(Method.java:568)
	at java.base/java.util.ArrayList.forEach(ArrayList.java:1511)
	at java.base/java.util.ArrayList.forEach(ArrayList.java:1511)

