<?xml version="1.0" encoding="UTF-8"?>
<testsuite xmlns:xsi="http://www.w3.org/2001/XMLSchema-instance" xsi:noNamespaceSchemaLocation="https://maven.apache.org/surefire/maven-surefire-plugin/xsd/surefire-test-report.xsd" version="3.0.2" name="com.example.shop.ConversationServiceTest" time="0.403" tests="7" errors="0" skipped="0" failures="1">
  <properties>
[...]
</properties>
  <testcase name="testGetTotalUnreadCount" classname="com.example.shop.ConversationServiceTest" time="0.189">
    <system-out><![CDATA[2026-04-23 17:14:14 [main] INFO  o.s.t.c.s.AnnotationConfigContextLoaderUtils - Could not detect default configuration classes for test class [com.example.shop.ConversationServiceTest]: ConversationServiceTest does not declare any static, non-private, non-final, nested classes annotated with @Configuration.
2026-04-23 17:14:14 [main] INFO  o.s.b.t.c.SpringBootTestContextBootstrapper - Found @SpringBootConfiguration com.example.shop.ShopApplication for test class com.example.shop.ConversationServiceTest
Creating a new SqlSession
Registering transaction synchronization for SqlSession [org.apache.ibatis.session.defaults.DefaultSqlSession@2fd79ac6]
JDBC Connection [HikariProxyConnection@950205379 wrapping com.mysql.cj.jdbc.ConnectionImpl@2140de63] will be managed by Spring
==>  Preparing: INSERT INTO conversation ( conversation_id, user_id, conversation_type, target_id, target_name, target_avatar, last_message_id, last_message_content, last_message_time, unread_count, total_count, is_pinned, created_at, updated_at ) VALUES ( ?, ?, ?, ?, ?, ?, ?, ?, ?, ?, ?, ?, ?, ? )
==> Parameters: private_300_400(String), 300(Long), 1(Integer), 400(Long), Test User(String), null, null, null, null, 5(Integer), 5(Integer), 0(Integer), 2026-04-23T17:14:14.906440(LocalDateTime), 2026-04-23T17:14:14.914106(LocalDateTime)
<==    Updates: 1
Releasing transactional SqlSession [org.apache.ibatis.session.defaults.DefaultSqlSession@2fd79ac6]
Fetched SqlSession [org.apache.ibatis.session.defaults.DefaultSqlSession@2fd79ac6] from current transaction
==> Parameters: private_300_500(String), 300(Long), 1(Integer), 500(Long), Test User(String), null, null, null, null, 3(Integer), 3(Integer), 0(Integer), 2026-04-23T17:14:14.968824900(LocalDateTime), 2026-04-23T17:14:14.968824900(LocalDateTime)
<==    Updates: 1
Releasing transactional SqlSession [org.apache.ibatis.session.defaults.DefaultSqlSession@2fd79ac6]
Fetched SqlSession [org.apache.ibatis.session.defaults.DefaultSqlSession@2fd79ac6] from current transaction
==> Parameters: system_300(String), 300(Long), 2(Integer), 0(Long), 系统通知(String), null, null, null, null, 2(Integer), 2(Integer), 0(Integer), 2026-04-23T17:14:14.971350600(LocalDateTime), 2026-04-23T17:14:14.971350600(LocalDateTime)
<==    Updates: 1
Releasing transactional SqlSession [org.apache.ibatis.session.defaults.DefaultSqlSession@2fd79ac6]
2026-04-23 17:14:14 [main] DEBUG c.e.s.s.impl.ConversationServiceImpl - 获取用户总未读数: userId=300
Fetched SqlSession [org.apache.ibatis.session.defaults.DefaultSqlSession@2fd79ac6] from current transaction
==>  Preparing: SELECT COALESCE(SUM(unread_count), 0) FROM conversation WHERE user_id = ?
==> Parameters: 300(Long)
<==    Columns: COALESCE(SUM(unread_count), 0)
<==        Row: 10
<==      Total: 1
Releasing transactional SqlSession [org.apache.ibatis.session.defaults.DefaultSqlSession@2fd79ac6]
2026-04-23 17:14:15 [main] DEBUG c.e.s.s.impl.ConversationServiceImpl - 获取用户总未读数: userId=999
Fetched SqlSession [org.apache.ibatis.session.defaults.DefaultSqlSession@2fd79ac6] from current transaction
==> Parameters: 999(Long)
<==    Columns: COALESCE(SUM(unread_count), 0)
<==        Row: 0
<==      Total: 1
Releasing transactional SqlSession [org.apache.ibatis.session.defaults.DefaultSqlSession@2fd79ac6]
Transaction synchronization deregistering SqlSession [org.apache.ibatis.session.defaults.DefaultSqlSession@2fd79ac6]
Transaction synchronization closing SqlSession [org.apache.ibatis.session.defaults.DefaultSqlSession@2fd79ac6]
]]></system-out>
  </testcase>
  <testcase name="testPinConversation" classname="com.example.shop.ConversationServiceTest" time="0.065">
    <system-out><![CDATA[Creating a new SqlSession
Registering transaction synchronization for SqlSession [org.apache.ibatis.session.defaults.DefaultSqlSession@193b6f5b]
JDBC Connection [HikariProxyConnection@1071117637 wrapping com.mysql.cj.jdbc.ConnectionImpl@2140de63] will be managed by Spring
==>  Preparing: INSERT INTO conversation ( conversation_id, user_id, conversation_type, target_id, target_name, target_avatar, last_message_id, last_message_content, last_message_time, unread_count, total_count, is_pinned, created_at, updated_at ) VALUES ( ?, ?, ?, ?, ?, ?, ?, ?, ?, ?, ?, ?, ?, ? )
==> Parameters: private_100_200(String), 100(Long), 1(Integer), 100(Long), Test User(String), null, null, null, null, 0(Integer), 0(Integer), 0(Integer), 2026-04-23T17:14:15.040852800(LocalDateTime), 2026-04-23T17:14:15.040852800(LocalDateTime)
<==    Updates: 1
Releasing transactional SqlSession [org.apache.ibatis.session.defaults.DefaultSqlSession@193b6f5b]
2026-04-23 17:14:15 [main] INFO  c.e.s.s.impl.ConversationServiceImpl - 设置会话置顶状态: conversationId=private_100_200, userId=100, isPinned=true
2026-04-23 17:14:15 [main] DEBUG c.e.s.s.impl.ConversationServiceImpl - 验证会话访问权限: conversationId=private_100_200, userId=100
Fetched SqlSession [org.apache.ibatis.session.defaults.DefaultSqlSession@193b6f5b] from current transaction
==>  Preparing: SELECT conversation_id,user_id,conversation_type,target_id,target_name,target_avatar,last_message_id,last_message_content,last_message_time,unread_count,total_count,is_pinned,created_at,updated_at FROM conversation WHERE (conversation_id = ? AND user_id = ?)
==> Parameters: private_100_200(String), 100(Long)
<==    Columns: conversation_id, user_id, conversation_type, target_id, target_name, target_avatar, last_message_id, last_message_content, last_message_time, unread_count, total_count, is_pinned, created_at, updated_at
<==        Row: private_100_200, 100, 1, 100, Test User, null, null, null, null, 0, 0, 0, 2026-04-23 17:14:15, 2026-04-23 17:14:15
<==      Total: 1
Releasing transactional SqlSession [org.apache.ibatis.session.defaults.DefaultSqlSession@193b6f5b]
Fetched SqlSession [org.apache.ibatis.session.defaults.DefaultSqlSession@193b6f5b] from current transaction
==>  Preparing: UPDATE conversation SET is_pinned = ?, updated_at = NOW() WHERE conversation_id = ? AND user_id = ?
==> Parameters: 1(Integer), private_100_200(String), 100(Long)
<==    Updates: 1
Releasing transactional SqlSession [org.apache.ibatis.session.defaults.DefaultSqlSession@193b6f5b]
Fetched SqlSession [org.apache.ibatis.session.defaults.DefaultSqlSession@193b6f5b] from current transaction
==> Parameters: private_100_200(String), 100(Long)
<==    Columns: conversation_id, user_id, conversation_type, target_id, target_name, target_avatar, last_message_id, last_message_content, last_message_time, unread_count, total_count, is_pinned, created_at, updated_at
<==        Row: private_100_200, 100, 1, 100, Test User, null, null, null, null, 0, 0, 1, 2026-04-23 17:14:15, 2026-04-23 17:14:15
<==      Total: 1
Releasing transactional SqlSession [org.apache.ibatis.session.defaults.DefaultSqlSession@193b6f5b]
2026-04-23 17:14:15 [main] INFO  c.e.s.s.impl.ConversationServiceImpl - 设置会话置顶状态: conversationId=private_100_200, userId=100, isPinned=false
2026-04-23 17:14:15 [main] DEBUG c.e.s.s.impl.ConversationServiceImpl - 验证会话访问权限: conversationId=private_100_200, userId=100
Fetched SqlSession [org.apache.ibatis.session.defaults.DefaultSqlSession@193b6f5b] from current transaction
==> Parameters: private_100_200(String), 100(Long)
<==    Columns: conversation_id, user_id, conversation_type, target_id, target_name, target_avatar, last_message_id, last_message_content, last_message_time, unread_count, total_count, is_pinned, created_at, updated_at
<==        Row: private_100_200, 100, 1, 100, Test User, null, null, null, null, 0, 0, 1, 2026-04-23 17:14:15, 2026-04-23 17:14:15
<==      Total: 1
Releasing transactional SqlSession [org.apache.ibatis.session.defaults.DefaultSqlSession@193b6f5b]
Fetched SqlSession [org.apache.ibatis.session.defaults.DefaultSqlSession@193b6f5b] from current transaction
==> Parameters: 0(Integer), private_100_200(String), 100(Long)
<==    Updates: 1
Releasing transactional SqlSession [org.apache.ibatis.session.defaults.DefaultSqlSession@193b6f5b]
Fetched SqlSession [org.apache.ibatis.session.defaults.DefaultSqlSession@193b6f5b] from current transaction
==> Parameters: private_100_200(String), 100(Long)
<==    Columns: conversation_id, user_id, conversation_type, target_id, target_name, target_avatar, last_message_id, last_message_content, last_message_time, unread_count, total_count, is_pinned, created_at, updated_at
<==        Row: private_100_200, 100, 1, 100, Test User, null, null, null, null, 0, 0, 0, 2026-04-23 17:14:15, 2026-04-23 17:14:15
<==      Total: 1
Releasing transactional SqlSession [org.apache.ibatis.session.defaults.DefaultSqlSession@193b6f5b]
Transaction synchronization deregistering SqlSession [org.apache.ibatis.session.defaults.DefaultSqlSession@193b6f5b]
Transaction synchronization closing SqlSession [org.apache.ibatis.session.defaults.DefaultSqlSession@193b6f5b]
]]></system-out>
  </testcase>
  <testcase name="testUnreadCountOperations" classname="com.example.shop.ConversationServiceTest" time="0.029">
    <system-out><![CDATA[Creating a new SqlSession
Registering transaction synchronization for SqlSession [org.apache.ibatis.session.defaults.DefaultSqlSession@299003eb]
JDBC Connection [HikariProxyConnection@1507431017 wrapping com.mysql.cj.jdbc.ConnectionImpl@2140de63] will be managed by Spring
==>  Preparing: INSERT INTO conversation ( conversation_id, user_id, conversation_type, target_id, target_name, target_avatar, last_message_id, last_message_content, last_message_time, unread_count, total_count, is_pinned, created_at, updated_at ) VALUES ( ?, ?, ?, ?, ?, ?, ?, ?, ?, ?, ?, ?, ?, ? )
==> Parameters: private_100_200(String), 200(Long), 1(Integer), 100(Long), Test User(String), null, null, null, null, 0(Integer), 0(Integer), 0(Integer), 2026-04-23T17:14:15.109378500(LocalDateTime), 2026-04-23T17:14:15.109378500(LocalDateTime)
<==    Updates: 1
Releasing transactional SqlSession [org.apache.ibatis.session.defaults.DefaultSqlSession@299003eb]
2026-04-23 17:14:15 [main] INFO  c.e.s.s.impl.ConversationServiceImpl - 更新会话未读数: conversationId=private_100_200, userId=200, delta=3
Fetched SqlSession [org.apache.ibatis.session.defaults.DefaultSqlSession@299003eb] from current transaction
==>  Preparing: UPDATE conversation SET unread_count = unread_count + ?, updated_at = NOW() WHERE conversation_id = ? AND user_id = ?
==> Parameters: 3(Integer), private_100_200(String), 200(Long)
<==    Updates: 1
Releasing transactional SqlSession [org.apache.ibatis.session.defaults.DefaultSqlSession@299003eb]
Fetched SqlSession [org.apache.ibatis.session.defaults.DefaultSqlSession@299003eb] from current transaction
==>  Preparing: SELECT conversation_id,user_id,conversation_type,target_id,target_name,target_avatar,last_message_id,last_message_content,last_message_time,unread_count,total_count,is_pinned,created_at,updated_at FROM conversation WHERE (conversation_id = ? AND user_id = ?)
==> Parameters: private_100_200(String), 200(Long)
<==    Columns: conversation_id, user_id, conversation_type, target_id, target_name, target_avatar, last_message_id, last_message_content, last_message_time, unread_count, total_count, is_pinned, created_at, updated_at
<==        Row: private_100_200, 200, 1, 100, Test User, null, null, null, null, 3, 0, 0, 2026-04-23 17:14:15, 2026-04-23 17:14:15
<==      Total: 1
Releasing transactional SqlSession [org.apache.ibatis.session.defaults.DefaultSqlSession@299003eb]
2026-04-23 17:14:15 [main] INFO  c.e.s.s.impl.ConversationServiceImpl - 更新会话未读数: conversationId=private_100_200, userId=200, delta=-1
Fetched SqlSession [org.apache.ibatis.session.defaults.DefaultSqlSession@299003eb] from current transaction
==> Parameters: -1(Integer), private_100_200(String), 200(Long)
<==    Updates: 1
Releasing transactional SqlSession [org.apache.ibatis.session.defaults.DefaultSqlSession@299003eb]
Fetched SqlSession [org.apache.ibatis.session.defaults.DefaultSqlSession@299003eb] from current transaction
==> Parameters: private_100_200(String), 200(Long)
<==    Columns: conversation_id, user_id, conversation_type, target_id, target_name, target_avatar, last_message_id, last_message_content, last_message_time, unread_count, total_count, is_pinned, created_at, updated_at
<==        Row: private_100_200, 200, 1, 100, Test User, null, null, null, null, 2, 0, 0, 2026-04-23 17:14:15, 2026-04-23 17:14:15
<==      Total: 1
Releasing transactional SqlSession [org.apache.ibatis.session.defaults.DefaultSqlSession@299003eb]
2026-04-23 17:14:15 [main] INFO  c.e.s.s.impl.ConversationServiceImpl - 重置会话未读数: conversationId=private_100_200, userId=200
Fetched SqlSession [org.apache.ibatis.session.defaults.DefaultSqlSession@299003eb] from current transaction
==>  Preparing: UPDATE conversation SET unread_count = 0, updated_at = NOW() WHERE conversation_id = ? AND user_id = ?
==> Parameters: private_100_200(String), 200(Long)
<==    Updates: 1
Releasing transactional SqlSession [org.apache.ibatis.session.defaults.DefaultSqlSession@299003eb]
Fetched SqlSession [org.apache.ibatis.session.defaults.DefaultSqlSession@299003eb] from current transaction
==> Parameters: private_100_200(String), 200(Long)
<==    Columns: conversation_id, user_id, conversation_type, target_id, target_name, target_avatar, last_message_id, last_message_content, last_message_time, unread_count, total_count, is_pinned, created_at, updated_at
<==        Row: private_100_200, 200, 1, 100, Test User, null, null, null, null, 0, 0, 0, 2026-04-23 17:14:15, 2026-04-23 17:14:15
<==      Total: 1
Releasing transactional SqlSession [org.apache.ibatis.session.defaults.DefaultSqlSession@299003eb]
Transaction synchronization deregistering SqlSession [org.apache.ibatis.session.defaults.DefaultSqlSession@299003eb]
Transaction synchronization closing SqlSession [org.apache.ibatis.session.defaults.DefaultSqlSession@299003eb]
]]></system-out>
  </testcase>
  <testcase name="testGenerateConversationId" classname="com.example.shop.ConversationServiceTest" time="0.008"/>
  <testcase name="testCreateOrUpdateConversation" classname="com.example.shop.ConversationServiceTest" time="0.052">
    <failure message="expected: &lt;2&gt; but was: &lt;1&gt;" type="org.opentest4j.AssertionFailedError"><![CDATA[org.opentest4j.AssertionFailedError: expected: <2> but was: <1>
	at org.junit.jupiter.api.AssertionFailureBuilder.build(AssertionFailureBuilder.java:151)
	at org.junit.jupiter.api.AssertionFailureBuilder.buildAndThrow(AssertionFailureBuilder.java:132)
	at org.junit.jupiter.api.AssertEquals.failNotEqual(AssertEquals.java:197)
	at org.junit.jupiter.api.AssertEquals.assertEquals(AssertEquals.java:182)
	at org.junit.jupiter.api.AssertEquals.assertEquals(AssertEquals.java:177)
	at org.junit.jupiter.api.Assertions.assertEquals(Assertions.java:538)
	at com.example.shop.ConversationServiceTest.testCreateOrUpdateConversation(ConversationServiceTest.java:95)
	at java.base/java.lang.reflect.Method.invoke(Method.java:568)
	at java.base/java.util.ArrayList.forEach(ArrayList.java:1511)
	at java.base/java.util.ArrayList.forEach(ArrayList.java:1511)
]]></failure>
    <system-out><![CDATA[Creating a new SqlSession
Registering transaction synchronization for SqlSession [org.apache.ibatis.session.defaults.DefaultSqlSession@2555b92]
JDBC Connection [HikariProxyConnection@1930186237 wrapping com.mysql.cj.jdbc.ConnectionImpl@2140de63] will be managed by Spring
==>  Preparing: INSERT INTO user ( user_id, username, password_hash, salt, role_id, status, created_at, updated_at ) VALUES ( ?, ?, ?, ?, ?, ?, ?, ? )
==> Parameters: 100(Long), sender(String), hashedpassword(String), salt(String), 2(Integer), 1(Integer), 2026-04-23T17:14:15.148001(LocalDateTime), 2026-04-23T17:14:15.149002300(LocalDateTime)
<==    Updates: 1
Releasing transactional SqlSession [org.apache.ibatis.session.defaults.DefaultSqlSession@2555b92]
Fetched SqlSession [org.apache.ibatis.session.defaults.DefaultSqlSession@2555b92] from current transaction
==> Parameters: 200(Long), receiver(String), hashedpassword(String), salt(String), 2(Integer), 1(Integer), 2026-04-23T17:14:15.157306300(LocalDateTime), 2026-04-23T17:14:15.157306300(LocalDateTime)
<==    Updates: 1
Releasing transactional SqlSession [org.apache.ibatis.session.defaults.DefaultSqlSession@2555b92]
2026-04-23 17:14:15 [main] INFO  c.e.s.s.impl.ConversationServiceImpl - 创建或更新会话: conversationId=private_100_200, userId=200, messageId=1776935655159
Fetched SqlSession [org.apache.ibatis.session.defaults.DefaultSqlSession@2555b92] from current transaction
==>  Preparing: SELECT conversation_id,user_id,conversation_type,target_id,target_name,target_avatar,last_message_id,last_message_content,last_message_time,unread_count,total_count,is_pinned,created_at,updated_at FROM conversation WHERE (conversation_id = ? AND user_id = ?)
==> Parameters: private_100_200(String), 200(Long)
<==      Total: 0
Releasing transactional SqlSession [org.apache.ibatis.session.defaults.DefaultSqlSession@2555b92]
Fetched SqlSession [org.apache.ibatis.session.defaults.DefaultSqlSession@2555b92] from current transaction
==>  Preparing: SELECT user_id,username,password_hash,salt,avatar,phone,role_id,balance,points,status,last_login_time,created_at,updated_at FROM user WHERE user_id=?
==> Parameters: 100(Long)
<==    Columns: user_id, username, password_hash, salt, avatar, phone, role_id, balance, points, status, last_login_time, created_at, updated_at
<==        Row: 100, sender, hashedpassword, salt, null, null, 2, 0.00, 0, 1, null, 2026-04-23 17:14:15, 2026-04-23 17:14:15
<==      Total: 1
Releasing transactional SqlSession [org.apache.ibatis.session.defaults.DefaultSqlSession@2555b92]
Fetched SqlSession [org.apache.ibatis.session.defaults.DefaultSqlSession@2555b92] from current transaction
==>  Preparing: INSERT INTO conversation ( conversation_id, user_id, conversation_type, target_id, target_name, target_avatar, last_message_id, last_message_content, last_message_time, unread_count, total_count, is_pinned, created_at, updated_at ) VALUES ( ?, ?, ?, ?, ?, ?, ?, ?, ?, ?, ?, ?, ?, ? )
==> Parameters: private_100_200(String), 200(Long), 1(Integer), 100(Long), sender(String), null, 1776935655159(Long), Hello World(String), 2026-04-23T17:14:15.160686(LocalDateTime), 1(Integer), 1(Integer), 0(Integer), 2026-04-23T17:14:15.167690300(LocalDateTime), 2026-04-23T17:14:15.167690300(LocalDateTime)
<==    Updates: 1
Releasing transactional SqlSession [org.apache.ibatis.session.defaults.DefaultSqlSession@2555b92]
2026-04-23 17:14:15 [main] INFO  c.e.s.s.impl.ConversationServiceImpl - 创建新会话成功: conversationId=private_100_200, userId=200
2026-04-23 17:14:15 [main] DEBUG c.e.s.s.impl.ConversationServiceImpl - 获取会话信息: conversationId=private_100_200, userId=200
Fetched SqlSession [org.apache.ibatis.session.defaults.DefaultSqlSession@2555b92] from current transaction
==> Parameters: private_100_200(String), 200(Long)
<==    Columns: conversation_id, user_id, conversation_type, target_id, target_name, target_avatar, last_message_id, last_message_content, last_message_time, unread_count, total_count, is_pinned, created_at, updated_at
<==        Row: private_100_200, 200, 1, 100, sender, null, 1776935655159, Hello World, 2026-04-23 17:14:15, 1, 1, 0, 2026-04-23 17:14:15, 2026-04-23 17:14:15
<==      Total: 1
Releasing transactional SqlSession [org.apache.ibatis.session.defaults.DefaultSqlSession@2555b92]
2026-04-23 17:14:15 [main] INFO  c.e.s.s.impl.ConversationServiceImpl - 创建或更新会话: conversationId=private_100_200, userId=200, messageId=1776935655176
Fetched SqlSession [org.apache.ibatis.session.defaults.DefaultSqlSession@2555b92] from current transaction
==> Parameters: private_100_200(String), 200(Long)
<==    Columns: conversation_id, user_id, conversation_type, target_id, target_name, target_avatar, last_message_id, last_message_content, last_message_time, unread_count, total_count, is_pinned, created_at, updated_at
<==        Row: private_100_200, 200, 1, 100, sender, null, 1776935655159, Hello World, 2026-04-23 17:14:15, 1, 1, 0, 2026-04-23 17:14:15, 2026-04-23 17:14:15
<==      Total: 1
Releasing transactional SqlSession [org.apache.ibatis.session.defaults.DefaultSqlSession@2555b92]
Fetched SqlSession [org.apache.ibatis.session.defaults.DefaultSqlSession@2555b92] from current transaction
==>  Preparing: UPDATE conversation SET last_message_id = ?, last_message_content = ?, last_message_time = ?, unread_count = ?, total_count = ?, updated_at = ? WHERE conversation_id = ? AND user_id = ?
==> Parameters: 1776935655176(Long), Hello back(String), 2026-04-23T17:14:15.176402900(LocalDateTime), 1(Integer), 2(Integer), 2026-04-23T17:14:15(LocalDateTime), private_100_200(String), 200(Long)
<==    Updates: 1
Releasing transactional SqlSession [org.apache.ibatis.session.defaults.DefaultSqlSession@2555b92]
2026-04-23 17:14:15 [main] INFO  c.e.s.s.impl.ConversationServiceImpl - 更新会话成功: conversationId=private_100_200, userId=200
Transaction synchronization deregistering SqlSession [org.apache.ibatis.session.defaults.DefaultSqlSession@2555b92]
Transaction synchronization closing SqlSession [org.apache.ibatis.session.defaults.DefaultSqlSession@2555b92]
]]></system-out>
  </testcase>
  <testcase name="testValidateConversationAccess" classname="com.example.shop.ConversationServiceTest" time="0.024">
    <system-out><![CDATA[Creating a new SqlSession
Registering transaction synchronization for SqlSession [org.apache.ibatis.session.defaults.DefaultSqlSession@6f05d5f2]
JDBC Connection [HikariProxyConnection@399070738 wrapping com.mysql.cj.jdbc.ConnectionImpl@2140de63] will be managed by Spring
==>  Preparing: INSERT INTO conversation ( conversation_id, user_id, conversation_type, target_id, target_name, target_avatar, last_message_id, last_message_content, last_message_time, unread_count, total_count, is_pinned, created_at, updated_at ) VALUES ( ?, ?, ?, ?, ?, ?, ?, ?, ?, ?, ?, ?, ?, ? )
==> Parameters: private_100_200(String), 100(Long), 1(Integer), 100(Long), Test User(String), null, null, null, null, 0(Integer), 0(Integer), 0(Integer), 2026-04-23T17:14:15.201227900(LocalDateTime), 2026-04-23T17:14:15.201227900(LocalDateTime)
<==    Updates: 1
Releasing transactional SqlSession [org.apache.ibatis.session.defaults.DefaultSqlSession@6f05d5f2]
2026-04-23 17:14:15 [main] DEBUG c.e.s.s.impl.ConversationServiceImpl - 验证会话访问权限: conversationId=private_100_200, userId=100
Fetched SqlSession [org.apache.ibatis.session.defaults.DefaultSqlSession@6f05d5f2] from current transaction
==>  Preparing: SELECT conversation_id,user_id,conversation_type,target_id,target_name,target_avatar,last_message_id,last_message_content,last_message_time,unread_count,total_count,is_pinned,created_at,updated_at FROM conversation WHERE (conversation_id = ? AND user_id = ?)
==> Parameters: private_100_200(String), 100(Long)
<==    Columns: conversation_id, user_id, conversation_type, target_id, target_name, target_avatar, last_message_id, last_message_content, last_message_time, unread_count, total_count, is_pinned, created_at, updated_at
<==        Row: private_100_200, 100, 1, 100, Test User, null, null, null, null, 0, 0, 0, 2026-04-23 17:14:15, 2026-04-23 17:14:15
<==      Total: 1
Releasing transactional SqlSession [org.apache.ibatis.session.defaults.DefaultSqlSession@6f05d5f2]
2026-04-23 17:14:15 [main] DEBUG c.e.s.s.impl.ConversationServiceImpl - 验证会话访问权限: conversationId=private_100_200, userId=300
Fetched SqlSession [org.apache.ibatis.session.defaults.DefaultSqlSession@6f05d5f2] from current transaction
==> Parameters: private_100_200(String), 300(Long)
<==      Total: 0
Releasing transactional SqlSession [org.apache.ibatis.session.defaults.DefaultSqlSession@6f05d5f2]
2026-04-23 17:14:15 [main] DEBUG c.e.s.s.impl.ConversationServiceImpl - 验证会话访问权限: conversationId=private_999_888, userId=100
Fetched SqlSession [org.apache.ibatis.session.defaults.DefaultSqlSession@6f05d5f2] from current transaction
==> Parameters: private_999_888(String), 100(Long)
<==      Total: 0
Releasing transactional SqlSession [org.apache.ibatis.session.defaults.DefaultSqlSession@6f05d5f2]
Transaction synchronization deregistering SqlSession [org.apache.ibatis.session.defaults.DefaultSqlSession@6f05d5f2]
Transaction synchronization closing SqlSession [org.apache.ibatis.session.defaults.DefaultSqlSession@6f05d5f2]
]]></system-out>
  </testcase>
  <testcase name="testDeleteConversation" classname="com.example.shop.ConversationServiceTest" time="0.021">
    <system-out><![CDATA[Creating a new SqlSession
Registering transaction synchronization for SqlSession [org.apache.ibatis.session.defaults.DefaultSqlSession@6cf58989]
JDBC Connection [HikariProxyConnection@200027521 wrapping com.mysql.cj.jdbc.ConnectionImpl@2140de63] will be managed by Spring
==>  Preparing: INSERT INTO conversation ( conversation_id, user_id, conversation_type, target_id, target_name, target_avatar, last_message_id, last_message_content, last_message_time, unread_count, total_count, is_pinned, created_at, updated_at ) VALUES ( ?, ?, ?, ?, ?, ?, ?, ?, ?, ?, ?, ?, ?, ? )
==> Parameters: private_100_200(String), 100(Long), 1(Integer), 100(Long), Test User(String), null, null, null, null, 0(Integer), 0(Integer), 0(Integer), 2026-04-23T17:14:15.225735700(LocalDateTime), 2026-04-23T17:14:15.225735700(LocalDateTime)
<==    Updates: 1
Releasing transactional SqlSession [org.apache.ibatis.session.defaults.DefaultSqlSession@6cf58989]
Fetched SqlSession [org.apache.ibatis.session.defaults.DefaultSqlSession@6cf58989] from current transaction
==>  Preparing: SELECT conversation_id,user_id,conversation_type,target_id,target_name,target_avatar,last_message_id,last_message_content,last_message_time,unread_count,total_count,is_pinned,created_at,updated_at FROM conversation WHERE (conversation_id = ? AND user_id = ?)
==> Parameters: private_100_200(String), 100(Long)
<==    Columns: conversation_id, user_id, conversation_type, target_id, target_name, target_avatar, last_message_id, last_message_content, last_message_time, unread_count, total_count, is_pinned, created_at, updated_at
<==        Row: private_100_200, 100, 1, 100, Test User, null, null, null, null, 0, 0, 0, 2026-04-23 17:14:15, 2026-04-23 17:14:15
<==      Total: 1
Releasing transactional SqlSession [org.apache.ibatis.session.defaults.DefaultSqlSession@6cf58989]
2026-04-23 17:14:15 [main] INFO  c.e.s.s.impl.ConversationServiceImpl - 删除会话: conversationId=private_100_200, userId=100
2026-04-23 17:14:15 [main] DEBUG c.e.s.s.impl.ConversationServiceImpl - 验证会话访问权限: conversationId=private_100_200, userId=100
Fetched SqlSession [org.apache.ibatis.session.defaults.DefaultSqlSession@6cf58989] from current transaction
==> Parameters: private_100_200(String), 100(Long)
<==    Columns: conversation_id, user_id, conversation_type, target_id, target_name, target_avatar, last_message_id, last_message_content, last_message_time, unread_count, total_count, is_pinned, created_at, updated_at
<==        Row: private_100_200, 100, 1, 100, Test User, null, null, null, null, 0, 0, 0, 2026-04-23 17:14:15, 2026-04-23 17:14:15
<==      Total: 1
Releasing transactional SqlSession [org.apache.ibatis.session.defaults.DefaultSqlSession@6cf58989]
Fetched SqlSession [org.apache.ibatis.session.defaults.DefaultSqlSession@6cf58989] from current transaction
==>  Preparing: DELETE FROM conversation WHERE conversation_id = ? AND user_id = ?
==> Parameters: private_100_200(String), 100(Long)
<==    Updates: 1
Releasing transactional SqlSession [org.apache.ibatis.session.defaults.DefaultSqlSession@6cf58989]
Fetched SqlSession [org.apache.ibatis.session.defaults.DefaultSqlSession@6cf58989] from current transaction
==> Parameters: private_100_200(String), 100(Long)
<==      Total: 0
Releasing transactional SqlSession [org.apache.ibatis.session.defaults.DefaultSqlSession@6cf58989]
Transaction synchronization deregistering SqlSession [org.apache.ibatis.session.defaults.DefaultSqlSession@6cf58989]
Transaction synchronization closing SqlSession [org.apache.ibatis.session.defaults.DefaultSqlSession@6cf58989]
]]></system-out>
  </testcase>
</testsuite>