<?xml version="1.0" encoding="UTF-8"?>
<testsuite xmlns:xsi="http://www.w3.org/2001/XMLSchema-instance" xsi:noNamespaceSchemaLocation="https://maven.apache.org/surefire/maven-surefire-plugin/xsd/surefire-test-report.xsd" version="3.0.2" name="com.example.shop.MessageServiceRefactorTest" time="2.93" tests="5" errors="0" skipped="0" failures="0">
  <properties>
[...]
</properties>
  <testcase name="testGetTotalUnreadCount" classname="com.example.shop.MessageServiceRefactorTest" time="0.327">
    <system-out><![CDATA[2026-04-23 17:14:18 [main] INFO  o.s.t.c.s.AnnotationConfigContextLoaderUtils - Could not detect default configuration classes for test class [com.example.shop.MessageServiceRefactorTest]: MessageServiceRefactorTest does not declare any static, non-private, non-final, nested classes annotated with @Configuration.
2026-04-23 17:14:18 [main] INFO  o.s.b.t.c.SpringBootTestContextBootstrapper - Found @SpringBootConfiguration com.example.shop.ShopApplication for test class com.example.shop.MessageServiceRefactorTest
2026-04-23 17:14:18 [main] INFO  o.s.b.d.r.RestartApplicationListener - Restart disabled due to context in which it is running
2026-04-23 17:14:18 [main] DEBUG o.s.b.w.s.c.ApplicationServletEnvironment - Activating profiles [test]

  .   ____          _            __ _ _
 /\\ / ___'_ __ _ _(_)_ __  __ _ \ \ \ \
( ( )\___ | '_ | '_| | '_ \/ _` | \ \ \ \
 \\/  ___)| |_)| | | | | || (_| |  ) ) ) )
  '  |____| .__|_| |_|_| |_\__, | / / / /
 =========|_|==============|___/=/_/_/_/

 :: Spring Boot ::                (v3.4.8)

2026-04-23 17:14:18 [main] INFO  c.e.shop.MessageServiceRefactorTest - Starting MessageServiceRefactorTest using Java 17.0.8 with PID 18044 (started by 86198 in D:\javawork2\shop)
2026-04-23 17:14:18 [main] INFO  c.e.shop.MessageServiceRefactorTest - The following 1 profile is active: "test"
2026-04-23 17:14:19 [main] INFO  o.s.d.r.c.RepositoryConfigurationDelegate - Multiple Spring Data modules found, entering strict repository configuration mode
2026-04-23 17:14:19 [main] INFO  o.s.d.r.c.RepositoryConfigurationDelegate - Bootstrapping Spring Data Redis repositories in DEFAULT mode.
2026-04-23 17:14:19 [main] INFO  o.s.d.r.c.RepositoryConfigurationDelegate - Finished Spring Data repository scanning in 27 ms. Found 0 Redis repository interfaces.
Logging initialized using 'class org.apache.ibatis.logging.stdout.StdOutImpl' adapter.
Get /172.26.64.1 network interface 
Get network interface info: name:eth20 (Hyper-V Virtual Ethernet Adapter)
Initialization Sequence datacenterId:23 workerId:8
2026-04-23 17:14:19 [main] INFO  org.redisson.Version - Redisson 3.25.2
2026-04-23 17:14:19 [redisson-netty-12-5] INFO  o.r.c.p.MasterPubSubConnectionPool - 1 connections initialized for localhost/127.0.0.1:6379
2026-04-23 17:14:19 [redisson-netty-12-14] INFO  o.r.c.pool.MasterConnectionPool - 5 connections initialized for localhost/127.0.0.1:6379
2026-04-23 17:14:20 [main] INFO  o.s.b.a.e.web.EndpointLinksResolver - Exposing 1 endpoint beneath base path '/actuator'
2026-04-23 17:14:20 [main] INFO  c.e.shop.MessageServiceRefactorTest - Started MessageServiceRefactorTest in 1.789 seconds (process running for 19.9)
2026-04-23 17:14:20 [main] INFO  c.e.s.service.impl.StockInitializer - === 开始初始化库存到Redis ===
Creating a new SqlSession
SqlSession [org.apache.ibatis.session.defaults.DefaultSqlSession@3bdc9461] was not registered for synchronization because synchronization is not active
2026-04-23 17:14:20 [main] INFO  com.zaxxer.hikari.HikariDataSource - TestHikariCP - Starting...
2026-04-23 17:14:20 [main] INFO  com.zaxxer.hikari.pool.HikariPool - TestHikariCP - Added connection com.mysql.cj.jdbc.ConnectionImpl@14cd3858
2026-04-23 17:14:20 [main] INFO  com.zaxxer.hikari.HikariDataSource - TestHikariCP - Start completed.
JDBC Connection [HikariProxyConnection@1011205581 wrapping com.mysql.cj.jdbc.ConnectionImpl@14cd3858] will not be managed by Spring
==>  Preparing: SELECT product_id,category_id,name,main_image,detail,price,original_price,stock,reserved_stock,sales,status,audit_status,reject_reason,created_at,updated_at,version FROM product
==> Parameters: 
Closing non transactional SqlSession [org.apache.ibatis.session.defaults.DefaultSqlSession@3bdc9461]
2026-04-23 17:14:20 [main] ERROR c.e.s.service.impl.StockInitializer - 库存初始化失败
org.springframework.jdbc.BadSqlGrammarException: 
### Error querying database.  Cause: java.sql.SQLSyntaxErrorException: Unknown column 'audit_status' in 'field list'
### The error may exist in com/example/shop/mapper/ProductMapper.java (best guess)
### The error may involve defaultParameterMap
### The error occurred while setting parameters
### SQL: SELECT  product_id,category_id,name,main_image,detail,price,original_price,stock,reserved_stock,sales,status,audit_status,reject_reason,created_at,updated_at,version  FROM product
### Cause: java.sql.SQLSyntaxErrorException: Unknown column 'audit_status' in 'field list'
; bad SQL grammar []
	at org.springframework.jdbc.support.SQLErrorCodeSQLExceptionTranslator.doTranslate(SQLErrorCodeSQLExceptionTranslator.java:246)
	at org.springframework.jdbc.support.AbstractFallbackSQLExceptionTranslator.translate(AbstractFallbackSQLExceptionTranslator.java:107)
	at org.mybatis.spring.MyBatisExceptionTranslator.translateExceptionIfPossible(MyBatisExceptionTranslator.java:92)
	at org.mybatis.spring.SqlSessionTemplate$SqlSessionInterceptor.invoke(SqlSessionTemplate.java:439)
	at jdk.proxy2/jdk.proxy2.$Proxy118.selectList(Unknown Source)
	at org.mybatis.spring.SqlSessionTemplate.selectList(SqlSessionTemplate.java:224)
	at com.baomidou.mybatisplus.core.override.MybatisMapperMethod.executeForMany(MybatisMapperMethod.java:164)
	at com.baomidou.mybatisplus.core.override.MybatisMapperMethod.execute(MybatisMapperMethod.java:77)
	at com.baomidou.mybatisplus.core.override.MybatisMapperProxy$PlainMethodInvoker.invoke(MybatisMapperProxy.java:152)
	at com.baomidou.mybatisplus.core.override.MybatisMapperProxy.invoke(MybatisMapperProxy.java:89)
	at jdk.proxy2/jdk.proxy2.$Proxy126.selectList(Unknown Source)
	at com.example.shop.service.impl.StockInitializer.run(StockInitializer.java:33)
	at org.springframework.boot.SpringApplication.lambda$callRunner$5(SpringApplication.java:788)
	at org.springframework.util.function.ThrowingConsumer$1.acceptWithException(ThrowingConsumer.java:82)
	at org.springframework.util.function.ThrowingConsumer.accept(ThrowingConsumer.java:60)
	at org.springframework.util.function.ThrowingConsumer$1.accept(ThrowingConsumer.java:86)
	at org.springframework.boot.SpringApplication.callRunner(SpringApplication.java:796)
	at org.springframework.boot.SpringApplication.callRunner(SpringApplication.java:787)
	at org.springframework.boot.SpringApplication.lambda$callRunners$3(SpringApplication.java:772)
	at java.base/java.util.stream.ForEachOps$ForEachOp$OfRef.accept(ForEachOps.java:183)
	at java.base/java.util.stream.SortedOps$SizedRefSortingSink.end(SortedOps.java:357)
	at java.base/java.util.stream.AbstractPipeline.copyInto(AbstractPipeline.java:510)
	at java.base/java.util.stream.AbstractPipeline.wrapAndCopyInto(AbstractPipeline.java:499)
	at java.base/java.util.stream.ForEachOps$ForEachOp.evaluateSequential(ForEachOps.java:150)
	at java.base/java.util.stream.ForEachOps$ForEachOp$OfRef.evaluateSequential(ForEachOps.java:173)
	at java.base/java.util.stream.AbstractPipeline.evaluate(AbstractPipeline.java:234)
	at java.base/java.util.stream.ReferencePipeline.forEach(ReferencePipeline.java:596)
	at org.springframework.boot.SpringApplication.callRunners(SpringApplication.java:772)
	at org.springframework.boot.SpringApplication.run(SpringApplication.java:325)
	at org.springframework.boot.test.context.SpringBootContextLoader.lambda$loadContext$3(SpringBootContextLoader.java:144)
	at org.springframework.util.function.ThrowingSupplier.get(ThrowingSupplier.java:58)
	at org.springframework.util.function.ThrowingSupplier.get(ThrowingSupplier.java:46)
	at org.springframework.boot.SpringApplication.withHook(SpringApplication.java:1461)
	at org.springframework.boot.test.context.SpringBootContextLoader$ContextLoaderHook.run(SpringBootContextLoader.java:563)
	at org.springframework.boot.test.context.SpringBootContextLoader.loadContext(SpringBootContextLoader.java:144)
	at org.springframework.boot.test.context.SpringBootContextLoader.loadContext(SpringBootContextLoader.java:110)
	at org.springframework.test.context.cache.DefaultCacheAwareContextLoaderDelegate.loadContextInternal(DefaultCacheAwareContextLoaderDelegate.java:225)
	at org.springframework.test.context.cache.DefaultCacheAwareContextLoaderDelegate.loadContext(DefaultCacheAwareContextLoaderDelegate.java:152)
	at org.springframework.test.context.support.DefaultTestContext.getApplicationContext(DefaultTestContext.java:130)
	at org.springframework.test.context.web.ServletTestExecutionListener.setUpRequestContextIfNecessary(ServletTestExecutionListener.java:200)
	at org.springframework.test.context.web.ServletTestExecutionListener.prepareTestInstance(ServletTestExecutionListener.java:139)
	at org.springframework.test.context.TestContextManager.prepareTestInstance(TestContextManager.java:260)
	at org.springframework.test.context.junit.jupiter.SpringExtension.postProcessTestInstance(SpringExtension.java:159)
	at org.junit.jupiter.engine.descriptor.ClassBasedTestDescriptor.lambda$invokeTestInstancePostProcessors$11(ClassBasedTestDescriptor.java:378)
	at org.junit.jupiter.engine.descriptor.ClassBasedTestDescriptor.executeAndMaskThrowable(ClassBasedTestDescriptor.java:383)
	at org.junit.jupiter.engine.descriptor.ClassBasedTestDescriptor.lambda$invokeTestInstancePostProcessors$12(ClassBasedTestDescriptor.java:378)
	at java.base/java.util.stream.ForEachOps$ForEachOp$OfRef.accept(ForEachOps.java:183)
	at java.base/java.util.stream.ReferencePipeline$3$1.accept(ReferencePipeline.java:197)
	at java.base/java.util.stream.ReferencePipeline$2$1.accept(ReferencePipeline.java:179)
	at java.base/java.util.stream.ReferencePipeline$3$1.accept(ReferencePipeline.java:197)
	at java.base/java.util.ArrayList$ArrayListSpliterator.forEachRemaining(ArrayList.java:1625)
	at java.base/java.util.stream.AbstractPipeline.copyInto(AbstractPipeline.java:509)
	at java.base/java.util.stream.AbstractPipeline.wrapAndCopyInto(AbstractPipeline.java:499)
	at java.base/java.util.stream.ForEachOps$ForEachOp.evaluateSequential(ForEachOps.java:150)
	at java.base/java.util.stream.ForEachOps$ForEachOp$OfRef.evaluateSequential(ForEachOps.java:173)
	at java.base/java.util.stream.AbstractPipeline.evaluate(AbstractPipeline.java:234)
	at java.base/java.util.stream.ReferencePipeline.forEach(ReferencePipeline.java:596)
	at org.junit.jupiter.engine.descriptor.ClassBasedTestDescriptor.invokeTestInstancePostProcessors(ClassBasedTestDescriptor.java:377)
	at org.junit.jupiter.engine.descriptor.ClassBasedTestDescriptor.lambda$instantiateAndPostProcessTestInstance$7(ClassBasedTestDescriptor.java:290)
	at org.junit.platform.engine.support.hierarchical.ThrowableCollector.execute(ThrowableCollector.java:73)
	at org.junit.jupiter.engine.descriptor.ClassBasedTestDescriptor.instantiateAndPostProcessTestInstance(ClassBasedTestDescriptor.java:289)
	at org.junit.jupiter.engine.descriptor.ClassBasedTestDescriptor.lambda$testInstancesProvider$5(ClassBasedTestDescriptor.java:279)
	at java.base/java.util.Optional.orElseGet(Optional.java:364)
	at org.junit.jupiter.engine.descriptor.ClassBasedTestDescriptor.lambda$testInstancesProvider$6(ClassBasedTestDescriptor.java:278)
	at org.junit.jupiter.engine.execution.TestInstancesProvider.getTestInstances(TestInstancesProvider.java:31)
	at org.junit.jupiter.engine.descriptor.TestMethodTestDescriptor.lambda$prepare$1(TestMethodTestDescriptor.java:105)
	at org.junit.platform.engine.support.hierarchical.ThrowableCollector.execute(ThrowableCollector.java:73)
	at org.junit.jupiter.engine.descriptor.TestMethodTestDescriptor.prepare(TestMethodTestDescriptor.java:104)
	at org.junit.jupiter.engine.descriptor.TestMethodTestDescriptor.prepare(TestMethodTestDescriptor.java:68)
	at org.junit.platform.engine.support.hierarchical.NodeTestTask.lambda$prepare$2(NodeTestTask.java:128)
	at org.junit.platform.engine.support.hierarchical.ThrowableCollector.execute(ThrowableCollector.java:73)
	at org.junit.platform.engine.support.hierarchical.NodeTestTask.prepare(NodeTestTask.java:128)
	at org.junit.platform.engine.support.hierarchical.NodeTestTask.execute(NodeTestTask.java:95)
	at java.base/java.util.ArrayList.forEach(ArrayList.java:1511)
	at org.junit.platform.engine.support.hierarchical.SameThreadHierarchicalTestExecutorService.invokeAll(SameThreadHierarchicalTestExecutorService.java:41)
	at org.junit.platform.engine.support.hierarchical.NodeTestTask.lambda$executeRecursively$6(NodeTestTask.java:160)
	at org.junit.platform.engine.support.hierarchical.ThrowableCollector.execute(ThrowableCollector.java:73)
	at org.junit.platform.engine.support.hierarchical.NodeTestTask.lambda$executeRecursively$8(NodeTestTask.java:146)
	at org.junit.platform.engine.support.hierarchical.Node.around(Node.java:137)
	at org.junit.platform.engine.support.hierarchical.NodeTestTask.lambda$executeRecursively$9(NodeTestTask.java:144)
	at org.junit.platform.engine.support.hierarchical.ThrowableCollector.execute(ThrowableCollector.java:73)
	at org.junit.platform.engine.support.hierarchical.NodeTestTask.executeRecursively(NodeTestTask.java:143)
	at org.junit.platform.engine.support.hierarchical.NodeTestTask.execute(NodeTestTask.java:100)
	at java.base/java.util.ArrayList.forEach(ArrayList.java:1511)
	at org.junit.platform.engine.support.hierarchical.SameThreadHierarchicalTestExecutorService.invokeAll(SameThreadHierarchicalTestExecutorService.java:41)
	at org.junit.platform.engine.support.hierarchical.NodeTestTask.lambda$executeRecursively$6(NodeTestTask.java:160)
	at org.junit.platform.engine.support.hierarchical.ThrowableCollector.execute(ThrowableCollector.java:73)
	at org.junit.platform.engine.support.hierarchical.NodeTestTask.lambda$executeRecursively$8(NodeTestTask.java:146)
	at org.junit.platform.engine.support.hierarchical.Node.around(Node.java:137)
	at org.junit.platform.engine.support.hierarchical.NodeTestTask.lambda$executeRecursively$9(NodeTestTask.java:144)
	at org.junit.platform.engine.support.hierarchical.ThrowableCollector.execute(ThrowableCollector.java:73)
	at org.junit.platform.engine.support.hierarchical.NodeTestTask.executeRecursively(NodeTestTask.java:143)
	at org.junit.platform.engine.support.hierarchical.NodeTestTask.execute(NodeTestTask.java:100)
	at org.junit.platform.engine.support.hierarchical.SameThreadHierarchicalTestExecutorService.submit(SameThreadHierarchicalTestExecutorService.java:35)
	at org.junit.platform.engine.support.hierarchical.HierarchicalTestExecutor.execute(HierarchicalTestExecutor.java:57)
	at org.junit.platform.engine.support.hierarchical.HierarchicalTestEngine.execute(HierarchicalTestEngine.java:54)
	at org.junit.platform.launcher.core.EngineExecutionOrchestrator.execute(EngineExecutionOrchestrator.java:198)
	at org.junit.platform.launcher.core.EngineExecutionOrchestrator.execute(EngineExecutionOrchestrator.java:169)
	at org.junit.platform.launcher.core.EngineExecutionOrchestrator.execute(EngineExecutionOrchestrator.java:93)
	at org.junit.platform.launcher.core.EngineExecutionOrchestrator.lambda$execute$0(EngineExecutionOrchestrator.java:58)
	at org.junit.platform.launcher.core.EngineExecutionOrchestrator.withInterceptedStreams(EngineExecutionOrchestrator.java:141)
	at org.junit.platform.launcher.core.EngineExecutionOrchestrator.execute(EngineExecutionOrchestrator.java:57)
	at org.junit.platform.launcher.core.DefaultLauncher.execute(DefaultLauncher.java:103)
	at org.junit.platform.launcher.core.DefaultLauncher.execute(DefaultLauncher.java:85)
	at org.junit.platform.launcher.core.DelegatingLauncher.execute(DelegatingLauncher.java:47)
	at org.apache.maven.surefire.junitplatform.LazyLauncher.execute(LazyLauncher.java:56)
	at org.apache.maven.surefire.junitplatform.JUnitPlatformProvider.execute(JUnitPlatformProvider.java:194)
	at org.apache.maven.surefire.junitplatform.JUnitPlatformProvider.invokeAllTests(JUnitPlatformProvider.java:150)
	at org.apache.maven.surefire.junitplatform.JUnitPlatformProvider.invoke(JUnitPlatformProvider.java:124)
	at org.apache.maven.surefire.booter.ForkedBooter.runSuitesInProcess(ForkedBooter.java:385)
	at org.apache.maven.surefire.booter.ForkedBooter.execute(ForkedBooter.java:162)
	at org.apache.maven.surefire.booter.ForkedBooter.run(ForkedBooter.java:507)
	at org.apache.maven.surefire.booter.ForkedBooter.main(ForkedBooter.java:495)
Caused by: java.sql.SQLSyntaxErrorException: Unknown column 'audit_status' in 'field list'
	at com.mysql.cj.jdbc.exceptions.SQLError.createSQLException(SQLError.java:121)
	at com.mysql.cj.jdbc.exceptions.SQLExceptionsMapping.translateException(SQLExceptionsMapping.java:122)
	at com.mysql.cj.jdbc.ClientPreparedStatement.executeInternal(ClientPreparedStatement.java:916)
	at com.mysql.cj.jdbc.ClientPreparedStatement.execute(ClientPreparedStatement.java:354)
	at com.zaxxer.hikari.pool.ProxyPreparedStatement.execute(ProxyPreparedStatement.java:44)
	at com.zaxxer.hikari.pool.HikariProxyPreparedStatement.execute(HikariProxyPreparedStatement.java)
	at jdk.internal.reflect.GeneratedMethodAccessor34.invoke(Unknown Source)
	at java.base/jdk.internal.reflect.DelegatingMethodAccessorImpl.invoke(DelegatingMethodAccessorImpl.java:43)
	at java.base/java.lang.reflect.Method.invoke(Method.java:568)
	at org.apache.ibatis.logging.jdbc.PreparedStatementLogger.invoke(PreparedStatementLogger.java:58)
	at jdk.proxy3/jdk.proxy3.$Proxy171.execute(Unknown Source)
	at org.apache.ibatis.executor.statement.PreparedStatementHandler.query(PreparedStatementHandler.java:65)
	at org.apache.ibatis.executor.statement.RoutingStatementHandler.query(RoutingStatementHandler.java:80)
	at jdk.internal.reflect.GeneratedMethodAccessor50.invoke(Unknown Source)
	at java.base/jdk.internal.reflect.DelegatingMethodAccessorImpl.invoke(DelegatingMethodAccessorImpl.java:43)
	at java.base/java.lang.reflect.Method.invoke(Method.java:568)
	at org.apache.ibatis.plugin.Plugin.invoke(Plugin.java:61)
	at jdk.proxy2/jdk.proxy2.$Proxy169.query(Unknown Source)
	at org.apache.ibatis.executor.SimpleExecutor.doQuery(SimpleExecutor.java:65)
	at org.apache.ibatis.executor.BaseExecutor.queryFromDatabase(BaseExecutor.java:336)
	at org.apache.ibatis.executor.BaseExecutor.query(BaseExecutor.java:158)
	at com.baomidou.mybatisplus.extension.plugins.MybatisPlusInterceptor.intercept(MybatisPlusInterceptor.java:81)
	at org.apache.ibatis.plugin.Plugin.invoke(Plugin.java:59)
	at jdk.proxy2/jdk.proxy2.$Proxy168.query(Unknown Source)
	at org.apache.ibatis.session.defaults.DefaultSqlSession.selectList(DefaultSqlSession.java:154)
	at org.apache.ibatis.session.defaults.DefaultSqlSession.selectList(DefaultSqlSession.java:147)
	at org.apache.ibatis.session.defaults.DefaultSqlSession.selectList(DefaultSqlSession.java:142)
	at jdk.internal.reflect.GeneratedMethodAccessor60.invoke(Unknown Source)
	at java.base/jdk.internal.reflect.DelegatingMethodAccessorImpl.invoke(DelegatingMethodAccessorImpl.java:43)
	at java.base/java.lang.reflect.Method.invoke(Method.java:568)
	at org.mybatis.spring.SqlSessionTemplate$SqlSessionInterceptor.invoke(SqlSessionTemplate.java:425)
	... 109 common frames omitted
2026-04-23 17:14:20 [main] INFO  c.e.s.s.impl.OrderTimeoutServiceImpl - 订单超时队列已初始化: shopping:order:timeout:queue
2026-04-23 17:14:20 [main] INFO  c.e.s.s.impl.OrderTimeoutServiceImpl - 订单超时处理服务启动成功
2026-04-23 17:14:20 [OrderTimeoutConsumer] INFO  c.e.s.s.impl.OrderTimeoutServiceImpl - 订单超时队列消费者已启动
Creating a new SqlSession
Registering transaction synchronization for SqlSession [org.apache.ibatis.session.defaults.DefaultSqlSession@278d2891]
JDBC Connection [HikariProxyConnection@747907482 wrapping com.mysql.cj.jdbc.ConnectionImpl@14cd3858] will be managed by Spring
==>  Preparing: INSERT INTO user ( user_id, username, password_hash, salt, role_id, status, created_at, updated_at ) VALUES ( ?, ?, ?, ?, ?, ?, ?, ? )
==> Parameters: 1001(Long), test_sender(String), hash(String), salt(String), 2(Integer), 1(Integer), 2026-04-23T17:14:20.296186600(LocalDateTime), 2026-04-23T17:14:20.296186600(LocalDateTime)
<==    Updates: 1
Releasing transactional SqlSession [org.apache.ibatis.session.defaults.DefaultSqlSession@278d2891]
Fetched SqlSession [org.apache.ibatis.session.defaults.DefaultSqlSession@278d2891] from current transaction
==>  Preparing: INSERT INTO user ( user_id, username, password_hash, salt, role_id, status, created_at, updated_at ) VALUES ( ?, ?, ?, ?, ?, ?, ?, ? )
==> Parameters: 1002(Long), test_receiver(String), hash(String), salt(String), 2(Integer), 1(Integer), 2026-04-23T17:14:20.299860900(LocalDateTime), 2026-04-23T17:14:20.299860900(LocalDateTime)
<==    Updates: 1
Releasing transactional SqlSession [org.apache.ibatis.session.defaults.DefaultSqlSession@278d2891]
Fetched SqlSession [org.apache.ibatis.session.defaults.DefaultSqlSession@278d2891] from current transaction
==>  Preparing: SELECT COALESCE(SUM(unread_count), 0) FROM conversation WHERE user_id = ?
==> Parameters: 1001(Long)
<==    Columns: COALESCE(SUM(unread_count), 0)
<==        Row: 0
<==      Total: 1
Releasing transactional SqlSession [org.apache.ibatis.session.defaults.DefaultSqlSession@278d2891]
Fetched SqlSession [org.apache.ibatis.session.defaults.DefaultSqlSession@278d2891] from current transaction
==>  Preparing: SELECT COALESCE(SUM(unread_count), 0) FROM conversation WHERE user_id = ? AND conversation_type = 1
==> Parameters: 1001(Long)
<==    Columns: COALESCE(SUM(unread_count), 0)
<==        Row: 0
<==      Total: 1
Releasing transactional SqlSession [org.apache.ibatis.session.defaults.DefaultSqlSession@278d2891]
Fetched SqlSession [org.apache.ibatis.session.defaults.DefaultSqlSession@278d2891] from current transaction
==>  Preparing: SELECT COALESCE(SUM(unread_count), 0) FROM conversation WHERE user_id = ? AND conversation_type = 2
==> Parameters: 1001(Long)
<==    Columns: COALESCE(SUM(unread_count), 0)
<==        Row: 0
<==      Total: 1
Releasing transactional SqlSession [org.apache.ibatis.session.defaults.DefaultSqlSession@278d2891]
Fetched SqlSession [org.apache.ibatis.session.defaults.DefaultSqlSession@278d2891] from current transaction
==>  Preparing: SELECT COUNT( * ) AS total FROM friend_request WHERE (to_user_id = ? AND status = ?)
==> Parameters: 1001(Long), 0(Integer)
<==    Columns: total
<==        Row: 0
<==      Total: 1
Releasing transactional SqlSession [org.apache.ibatis.session.defaults.DefaultSqlSession@278d2891]
Transaction synchronization deregistering SqlSession [org.apache.ibatis.session.defaults.DefaultSqlSession@278d2891]
Transaction synchronization closing SqlSession [org.apache.ibatis.session.defaults.DefaultSqlSession@278d2891]
]]></system-out>
  </testcase>
  <testcase name="testBatchSendNotification" classname="com.example.shop.MessageServiceRefactorTest" time="0.277">
    <system-out><![CDATA[Creating a new SqlSession
Registering transaction synchronization for SqlSession [org.apache.ibatis.session.defaults.DefaultSqlSession@5dea8bf2]
JDBC Connection [HikariProxyConnection@1414888920 wrapping com.mysql.cj.jdbc.ConnectionImpl@14cd3858] will be managed by Spring
==>  Preparing: INSERT INTO user ( user_id, username, password_hash, salt, role_id, status, created_at, updated_at ) VALUES ( ?, ?, ?, ?, ?, ?, ?, ? )
==> Parameters: 1001(Long), test_sender(String), hash(String), salt(String), 2(Integer), 1(Integer), 2026-04-23T17:14:20.631883(LocalDateTime), 2026-04-23T17:14:20.631883(LocalDateTime)
<==    Updates: 1
Releasing transactional SqlSession [org.apache.ibatis.session.defaults.DefaultSqlSession@5dea8bf2]
Fetched SqlSession [org.apache.ibatis.session.defaults.DefaultSqlSession@5dea8bf2] from current transaction
==>  Preparing: INSERT INTO user ( user_id, username, password_hash, salt, role_id, status, created_at, updated_at ) VALUES ( ?, ?, ?, ?, ?, ?, ?, ? )
==> Parameters: 1002(Long), test_receiver(String), hash(String), salt(String), 2(Integer), 1(Integer), 2026-04-23T17:14:20.640577800(LocalDateTime), 2026-04-23T17:14:20.640577800(LocalDateTime)
<==    Updates: 1
Releasing transactional SqlSession [org.apache.ibatis.session.defaults.DefaultSqlSession@5dea8bf2]
Fetched SqlSession [org.apache.ibatis.session.defaults.DefaultSqlSession@5dea8bf2] from current transaction
==>  Preparing: SELECT user_id FROM user WHERE status = 1
==> Parameters: 
<==    Columns: user_id
<==        Row: 2
<==        Row: 3
<==        Row: 1001
<==        Row: 1002
<==        Row: 2007
<==        Row: 2008
<==        Row: 2009
<==        Row: 2010
<==        Row: 2011
<==        Row: 2012
<==      Total: 10
Releasing transactional SqlSession [org.apache.ibatis.session.defaults.DefaultSqlSession@5dea8bf2]
Fetched SqlSession [org.apache.ibatis.session.defaults.DefaultSqlSession@5dea8bf2] from current transaction
==>  Preparing: SELECT user_id,username,password_hash,salt,avatar,phone,role_id,balance,points,status,last_login_time,created_at,updated_at FROM user WHERE user_id=?
==> Parameters: 2(Long)
<==    Columns: user_id, username, password_hash, salt, avatar, phone, role_id, balance, points, status, last_login_time, created_at, updated_at
<==        Row: 2, admin, $2a$10$8h8S0Bmmi0N0lS/FrQOIpupL2E0G4e2uMfK6scwklCfOythl9mdH2, +TpBTh7X5fQCI5ly83ScHg==, /uploads/avatars/e1923358-fa8c-470b-b753-006f5543c924.png, 19877525832, 1, 762.20, 0, 1, 2026-04-22 19:56:48, 2025-12-20 21:22:08, 2026-04-22 19:56:48
<==      Total: 1
Releasing transactional SqlSession [org.apache.ibatis.session.defaults.DefaultSqlSession@5dea8bf2]
Fetched SqlSession [org.apache.ibatis.session.defaults.DefaultSqlSession@5dea8bf2] from current transaction
==>  Preparing: INSERT INTO message ( conversation_id, sender_id, receiver_id, content, message_type, content_type, is_read, created_at ) VALUES ( ?, ?, ?, ?, ?, ?, ?, ? )
==> Parameters: system_2(String), 0(Long), 2(Long), Batch notification test(String), 1(Integer), 2(Integer), 0(Integer), 2026-04-23T17:14:20.671550600(LocalDateTime)
<==    Updates: 1
Releasing transactional SqlSession [org.apache.ibatis.session.defaults.DefaultSqlSession@5dea8bf2]
2026-04-23 17:14:20 [main] INFO  c.e.s.s.impl.ConversationServiceImpl - 创建或更新会话: conversationId=system_2, userId=2, messageId=2154
Fetched SqlSession [org.apache.ibatis.session.defaults.DefaultSqlSession@5dea8bf2] from current transaction
==>  Preparing: SELECT conversation_id,user_id,conversation_type,target_id,target_name,target_avatar,last_message_id,last_message_content,last_message_time,unread_count,total_count,is_pinned,created_at,updated_at FROM conversation WHERE (conversation_id = ? AND user_id = ?)
==> Parameters: system_2(String), 2(Long)
<==    Columns: conversation_id, user_id, conversation_type, target_id, target_name, target_avatar, last_message_id, last_message_content, last_message_time, unread_count, total_count, is_pinned, created_at, updated_at
<==        Row: system_2, 2, 2, 0, 系统通知, null, 2146, ngrok, 2026-04-02 19:56:39, 4, 17, 0, 2026-01-17 22:50:05, 2026-03-01 19:57:13
<==      Total: 1
Releasing transactional SqlSession [org.apache.ibatis.session.defaults.DefaultSqlSession@5dea8bf2]
Fetched SqlSession [org.apache.ibatis.session.defaults.DefaultSqlSession@5dea8bf2] from current transaction
==>  Preparing: UPDATE conversation SET last_message_id = ?, last_message_content = ?, last_message_time = ?, unread_count = ?, total_count = ?, updated_at = ? WHERE conversation_id = ? AND user_id = ?
==> Parameters: 2154(Long), Batch notification test(String), 2026-04-23T17:14:20.671550600(LocalDateTime), 5(Integer), 18(Integer), 2026-03-01T19:57:13(LocalDateTime), system_2(String), 2(Long)
<==    Updates: 1
Releasing transactional SqlSession [org.apache.ibatis.session.defaults.DefaultSqlSession@5dea8bf2]
2026-04-23 17:14:20 [main] INFO  c.e.s.s.impl.ConversationServiceImpl - 更新会话成功: conversationId=system_2, userId=2
2026-04-23 17:14:20 [main] INFO  c.e.s.s.impl.WebSocketServiceImpl - [WebSocket] 推送消息: userId=2, messageId=2154
2026-04-23 17:14:20 [main] WARN  c.e.s.w.NativeWebSocketHandler - [WebSocket] 用户不在线或连接已关闭: userId=2
2026-04-23 17:14:20 [main] INFO  c.e.s.s.impl.WebSocketServiceImpl - [WebSocket] 消息推送成功: userId=2, messageId=2154
Fetched SqlSession [org.apache.ibatis.session.defaults.DefaultSqlSession@5dea8bf2] from current transaction
==>  Preparing: SELECT COALESCE(SUM(unread_count), 0) FROM conversation WHERE user_id = ?
==> Parameters: 2(Long)
<==    Columns: COALESCE(SUM(unread_count), 0)
<==        Row: 5
<==      Total: 1
Releasing transactional SqlSession [org.apache.ibatis.session.defaults.DefaultSqlSession@5dea8bf2]
Fetched SqlSession [org.apache.ibatis.session.defaults.DefaultSqlSession@5dea8bf2] from current transaction
==>  Preparing: SELECT COALESCE(unread_count, 0) FROM conversation WHERE conversation_id = ? AND user_id = ?
==> Parameters: system_2(String), 2(Long)
<==    Columns: COALESCE(unread_count, 0)
<==        Row: 5
<==      Total: 1
Releasing transactional SqlSession [org.apache.ibatis.session.defaults.DefaultSqlSession@5dea8bf2]
2026-04-23 17:14:20 [main] INFO  c.e.s.s.impl.WebSocketServiceImpl - [WebSocket] 推送未读数更新: userId=2, conversationId=system_2, unreadCount=5
2026-04-23 17:14:20 [main] WARN  c.e.s.w.NativeWebSocketHandler - [WebSocket] 用户不在线或连接已关闭: userId=2
2026-04-23 17:14:20 [main] INFO  c.e.s.s.impl.WebSocketServiceImpl - [WebSocket] 未读数更新推送成功: userId=2
Fetched SqlSession [org.apache.ibatis.session.defaults.DefaultSqlSession@5dea8bf2] from current transaction
==>  Preparing: SELECT user_id,username,password_hash,salt,avatar,phone,role_id,balance,points,status,last_login_time,created_at,updated_at FROM user WHERE user_id=?
==> Parameters: 3(Long)
<==    Columns: user_id, username, password_hash, salt, avatar, phone, role_id, balance, points, status, last_login_time, created_at, updated_at
<==        Row: 3, user1, $2a$10$/olaPFZkuZudQdtf4Nx0fOXkQ19n0Fi/lNgo30C2b/tZL2KTiUOzS, +CUqRehArbweAYQ0WWJYgQ==, /uploads/avatars/b302fa1a-c0a3-4dc5-a6d2-cd8c12fcc6df.jpg, 17677146775, 2, 76.00, 0, 1, 2026-04-02 19:51:12, 2025-12-31 22:18:36, 2026-04-02 19:51:12
<==      Total: 1
Releasing transactional SqlSession [org.apache.ibatis.session.defaults.DefaultSqlSession@5dea8bf2]
Fetched SqlSession [org.apache.ibatis.session.defaults.DefaultSqlSession@5dea8bf2] from current transaction
==>  Preparing: INSERT INTO message ( conversation_id, sender_id, receiver_id, content, message_type, content_type, is_read, created_at ) VALUES ( ?, ?, ?, ?, ?, ?, ?, ? )
==> Parameters: system_3(String), 0(Long), 3(Long), Batch notification test(String), 1(Integer), 2(Integer), 0(Integer), 2026-04-23T17:14:20.705248400(LocalDateTime)
<==    Updates: 1
Releasing transactional SqlSession [org.apache.ibatis.session.defaults.DefaultSqlSession@5dea8bf2]
2026-04-23 17:14:20 [main] INFO  c.e.s.s.impl.ConversationServiceImpl - 创建或更新会话: conversationId=system_3, userId=3, messageId=2155
Fetched SqlSession [org.apache.ibatis.session.defaults.DefaultSqlSession@5dea8bf2] from current transaction
==>  Preparing: SELECT conversation_id,user_id,conversation_type,target_id,target_name,target_avatar,last_message_id,last_message_content,last_message_time,unread_count,total_count,is_pinned,created_at,updated_at FROM conversation WHERE (conversation_id = ? AND user_id = ?)
==> Parameters: system_3(String), 3(Long)
<==    Columns: conversation_id, user_id, conversation_type, target_id, target_name, target_avatar, last_message_id, last_message_content, last_message_time, unread_count, total_count, is_pinned, created_at, updated_at
<==        Row: system_3, 3, 2, 0, 系统通知, null, 2147, ngrok, 2026-04-02 19:56:39, 14, 14, 0, 2026-01-17 22:50:06, 2026-01-17 22:50:06
<==      Total: 1
Releasing transactional SqlSession [org.apache.ibatis.session.defaults.DefaultSqlSession@5dea8bf2]
Fetched SqlSession [org.apache.ibatis.session.defaults.DefaultSqlSession@5dea8bf2] from current transaction
==>  Preparing: UPDATE conversation SET last_message_id = ?, last_message_content = ?, last_message_time = ?, unread_count = ?, total_count = ?, updated_at = ? WHERE conversation_id = ? AND user_id = ?
==> Parameters: 2155(Long), Batch notification test(String), 2026-04-23T17:14:20.705248400(LocalDateTime), 15(Integer), 15(Integer), 2026-01-17T22:50:06(LocalDateTime), system_3(String), 3(Long)
<==    Updates: 1
Releasing transactional SqlSession [org.apache.ibatis.session.defaults.DefaultSqlSession@5dea8bf2]
2026-04-23 17:14:20 [main] INFO  c.e.s.s.impl.ConversationServiceImpl - 更新会话成功: conversationId=system_3, userId=3
2026-04-23 17:14:20 [main] INFO  c.e.s.s.impl.WebSocketServiceImpl - [WebSocket] 推送消息: userId=3, messageId=2155
2026-04-23 17:14:20 [main] WARN  c.e.s.w.NativeWebSocketHandler - [WebSocket] 用户不在线或连接已关闭: userId=3
2026-04-23 17:14:20 [main] INFO  c.e.s.s.impl.WebSocketServiceImpl - [WebSocket] 消息推送成功: userId=3, messageId=2155
Fetched SqlSession [org.apache.ibatis.session.defaults.DefaultSqlSession@5dea8bf2] from current transaction
==>  Preparing: SELECT COALESCE(SUM(unread_count), 0) FROM conversation WHERE user_id = ?
==> Parameters: 3(Long)
<==    Columns: COALESCE(SUM(unread_count), 0)
<==        Row: 17
<==      Total: 1
Releasing transactional SqlSession [org.apache.ibatis.session.defaults.DefaultSqlSession@5dea8bf2]
Fetched SqlSession [org.apache.ibatis.session.defaults.DefaultSqlSession@5dea8bf2] from current transaction
==>  Preparing: SELECT COALESCE(unread_count, 0) FROM conversation WHERE conversation_id = ? AND user_id = ?
==> Parameters: system_3(String), 3(Long)
<==    Columns: COALESCE(unread_count, 0)
<==        Row: 15
<==      Total: 1
Releasing transactional SqlSession [org.apache.ibatis.session.defaults.DefaultSqlSession@5dea8bf2]
2026-04-23 17:14:20 [main] INFO  c.e.s.s.impl.WebSocketServiceImpl - [WebSocket] 推送未读数更新: userId=3, conversationId=system_3, unreadCount=15
2026-04-23 17:14:20 [main] WARN  c.e.s.w.NativeWebSocketHandler - [WebSocket] 用户不在线或连接已关闭: userId=3
2026-04-23 17:14:20 [main] INFO  c.e.s.s.impl.WebSocketServiceImpl - [WebSocket] 未读数更新推送成功: userId=3
Fetched SqlSession [org.apache.ibatis.session.defaults.DefaultSqlSession@5dea8bf2] from current transaction
==>  Preparing: SELECT user_id,username,password_hash,salt,avatar,phone,role_id,balance,points,status,last_login_time,created_at,updated_at FROM user WHERE user_id=?
==> Parameters: 1001(Long)
<==    Columns: user_id, username, password_hash, salt, avatar, phone, role_id, balance, points, status, last_login_time, created_at, updated_at
<==        Row: 1001, test_sender, hash, salt, null, null, 2, 0.00, 0, 1, null, 2026-04-23 17:14:21, 2026-04-23 17:14:21
<==      Total: 1
Releasing transactional SqlSession [org.apache.ibatis.session.defaults.DefaultSqlSession@5dea8bf2]
Fetched SqlSession [org.apache.ibatis.session.defaults.DefaultSqlSession@5dea8bf2] from current transaction
==>  Preparing: INSERT INTO message ( conversation_id, sender_id, receiver_id, content, message_type, content_type, is_read, created_at ) VALUES ( ?, ?, ?, ?, ?, ?, ?, ? )
==> Parameters: system_1001(String), 0(Long), 1001(Long), Batch notification test(String), 1(Integer), 2(Integer), 0(Integer), 2026-04-23T17:14:20.721359600(LocalDateTime)
<==    Updates: 1
Releasing transactional SqlSession [org.apache.ibatis.session.defaults.DefaultSqlSession@5dea8bf2]
2026-04-23 17:14:20 [main] INFO  c.e.s.s.impl.ConversationServiceImpl - 创建或更新会话: conversationId=system_1001, userId=1001, messageId=2156
Fetched SqlSession [org.apache.ibatis.session.defaults.DefaultSqlSession@5dea8bf2] from current transaction
==>  Preparing: SELECT conversation_id,user_id,conversation_type,target_id,target_name,target_avatar,last_message_id,last_message_content,last_message_time,unread_count,total_count,is_pinned,created_at,updated_at FROM conversation WHERE (conversation_id = ? AND user_id = ?)
==> Parameters: system_1001(String), 1001(Long)
<==      Total: 0
Releasing transactional SqlSession [org.apache.ibatis.session.defaults.DefaultSqlSession@5dea8bf2]
Fetched SqlSession [org.apache.ibatis.session.defaults.DefaultSqlSession@5dea8bf2] from current transaction
==>  Preparing: INSERT INTO conversation ( conversation_id, user_id, conversation_type, target_id, target_name, target_avatar, last_message_id, last_message_content, last_message_time, unread_count, total_count, is_pinned, created_at, updated_at ) VALUES ( ?, ?, ?, ?, ?, ?, ?, ?, ?, ?, ?, ?, ?, ? )
==> Parameters: system_1001(String), 1001(Long), 2(Integer), 0(Long), 系统通知(String), null, 2156(Long), Batch notification test(String), 2026-04-23T17:14:20.721359600(LocalDateTime), 1(Integer), 1(Integer), 0(Integer), 2026-04-23T17:14:20.727169900(LocalDateTime), 2026-04-23T17:14:20.727169900(LocalDateTime)
<==    Updates: 1
Releasing transactional SqlSession [org.apache.ibatis.session.defaults.DefaultSqlSession@5dea8bf2]
2026-04-23 17:14:20 [main] INFO  c.e.s.s.impl.ConversationServiceImpl - 创建新会话成功: conversationId=system_1001, userId=1001
2026-04-23 17:14:20 [main] INFO  c.e.s.s.impl.WebSocketServiceImpl - [WebSocket] 推送消息: userId=1001, messageId=2156
2026-04-23 17:14:20 [main] WARN  c.e.s.w.NativeWebSocketHandler - [WebSocket] 用户不在线或连接已关闭: userId=1001
2026-04-23 17:14:20 [main] INFO  c.e.s.s.impl.WebSocketServiceImpl - [WebSocket] 消息推送成功: userId=1001, messageId=2156
Fetched SqlSession [org.apache.ibatis.session.defaults.DefaultSqlSession@5dea8bf2] from current transaction
==>  Preparing: SELECT COALESCE(SUM(unread_count), 0) FROM conversation WHERE user_id = ?
==> Parameters: 1001(Long)
<==    Columns: COALESCE(SUM(unread_count), 0)
<==        Row: 1
<==      Total: 1
Releasing transactional SqlSession [org.apache.ibatis.session.defaults.DefaultSqlSession@5dea8bf2]
Fetched SqlSession [org.apache.ibatis.session.defaults.DefaultSqlSession@5dea8bf2] from current transaction
==>  Preparing: SELECT COALESCE(unread_count, 0) FROM conversation WHERE conversation_id = ? AND user_id = ?
==> Parameters: system_1001(String), 1001(Long)
<==    Columns: COALESCE(unread_count, 0)
<==        Row: 1
<==      Total: 1
Releasing transactional SqlSession [org.apache.ibatis.session.defaults.DefaultSqlSession@5dea8bf2]
2026-04-23 17:14:20 [main] INFO  c.e.s.s.impl.WebSocketServiceImpl - [WebSocket] 推送未读数更新: userId=1001, conversationId=system_1001, unreadCount=1
2026-04-23 17:14:20 [main] WARN  c.e.s.w.NativeWebSocketHandler - [WebSocket] 用户不在线或连接已关闭: userId=1001
2026-04-23 17:14:20 [main] INFO  c.e.s.s.impl.WebSocketServiceImpl - [WebSocket] 未读数更新推送成功: userId=1001
Fetched SqlSession [org.apache.ibatis.session.defaults.DefaultSqlSession@5dea8bf2] from current transaction
==>  Preparing: SELECT user_id,username,password_hash,salt,avatar,phone,role_id,balance,points,status,last_login_time,created_at,updated_at FROM user WHERE user_id=?
==> Parameters: 1002(Long)
<==    Columns: user_id, username, password_hash, salt, avatar, phone, role_id, balance, points, status, last_login_time, created_at, updated_at
<==        Row: 1002, test_receiver, hash, salt, null, null, 2, 0.00, 0, 1, null, 2026-04-23 17:14:21, 2026-04-23 17:14:21
<==      Total: 1
Releasing transactional SqlSession [org.apache.ibatis.session.defaults.DefaultSqlSession@5dea8bf2]
Fetched SqlSession [org.apache.ibatis.session.defaults.DefaultSqlSession@5dea8bf2] from current transaction
==>  Preparing: INSERT INTO message ( conversation_id, sender_id, receiver_id, content, message_type, content_type, is_read, created_at ) VALUES ( ?, ?, ?, ?, ?, ?, ?, ? )
==> Parameters: system_1002(String), 0(Long), 1002(Long), Batch notification test(String), 1(Integer), 2(Integer), 0(Integer), 2026-04-23T17:14:20.740602900(LocalDateTime)
<==    Updates: 1
Releasing transactional SqlSession [org.apache.ibatis.session.defaults.DefaultSqlSession@5dea8bf2]
2026-04-23 17:14:20 [main] INFO  c.e.s.s.impl.ConversationServiceImpl - 创建或更新会话: conversationId=system_1002, userId=1002, messageId=2157
Fetched SqlSession [org.apache.ibatis.session.defaults.DefaultSqlSession@5dea8bf2] from current transaction
==>  Preparing: SELECT conversation_id,user_id,conversation_type,target_id,target_name,target_avatar,last_message_id,last_message_content,last_message_time,unread_count,total_count,is_pinned,created_at,updated_at FROM conversation WHERE (conversation_id = ? AND user_id = ?)
==> Parameters: system_1002(String), 1002(Long)
<==      Total: 0
Releasing transactional SqlSession [org.apache.ibatis.session.defaults.DefaultSqlSession@5dea8bf2]
Fetched SqlSession [org.apache.ibatis.session.defaults.DefaultSqlSession@5dea8bf2] from current transaction
==>  Preparing: INSERT INTO conversation ( conversation_id, user_id, conversation_type, target_id, target_name, target_avatar, last_message_id, last_message_content, last_message_time, unread_count, total_count, is_pinned, created_at, updated_at ) VALUES ( ?, ?, ?, ?, ?, ?, ?, ?, ?, ?, ?, ?, ?, ? )
==> Parameters: system_1002(String), 1002(Long), 2(Integer), 0(Long), 系统通知(String), null, 2157(Long), Batch notification test(String), 2026-04-23T17:14:20.740602900(LocalDateTime), 1(Integer), 1(Integer), 0(Integer), 2026-04-23T17:14:20.746002300(LocalDateTime), 2026-04-23T17:14:20.746002300(LocalDateTime)
<==    Updates: 1
Releasing transactional SqlSession [org.apache.ibatis.session.defaults.DefaultSqlSession@5dea8bf2]
2026-04-23 17:14:20 [main] INFO  c.e.s.s.impl.ConversationServiceImpl - 创建新会话成功: conversationId=system_1002, userId=1002
2026-04-23 17:14:20 [main] INFO  c.e.s.s.impl.WebSocketServiceImpl - [WebSocket] 推送消息: userId=1002, messageId=2157
2026-04-23 17:14:20 [main] WARN  c.e.s.w.NativeWebSocketHandler - [WebSocket] 用户不在线或连接已关闭: userId=1002
2026-04-23 17:14:20 [main] INFO  c.e.s.s.impl.WebSocketServiceImpl - [WebSocket] 消息推送成功: userId=1002, messageId=2157
Fetched SqlSession [org.apache.ibatis.session.defaults.DefaultSqlSession@5dea8bf2] from current transaction
==>  Preparing: SELECT COALESCE(SUM(unread_count), 0) FROM conversation WHERE user_id = ?
==> Parameters: 1002(Long)
<==    Columns: COALESCE(SUM(unread_count), 0)
<==        Row: 1
<==      Total: 1
Releasing transactional SqlSession [org.apache.ibatis.session.defaults.DefaultSqlSession@5dea8bf2]
Fetched SqlSession [org.apache.ibatis.session.defaults.DefaultSqlSession@5dea8bf2] from current transaction
==>  Preparing: SELECT COALESCE(unread_count, 0) FROM conversation WHERE conversation_id = ? AND user_id = ?
==> Parameters: system_1002(String), 1002(Long)
<==    Columns: COALESCE(unread_count, 0)
<==        Row: 1
<==      Total: 1
Releasing transactional SqlSession [org.apache.ibatis.session.defaults.DefaultSqlSession@5dea8bf2]
2026-04-23 17:14:20 [main] INFO  c.e.s.s.impl.WebSocketServiceImpl - [WebSocket] 推送未读数更新: userId=1002, conversationId=system_1002, unreadCount=1
2026-04-23 17:14:20 [main] WARN  c.e.s.w.NativeWebSocketHandler - [WebSocket] 用户不在线或连接已关闭: userId=1002
2026-04-23 17:14:20 [main] INFO  c.e.s.s.impl.WebSocketServiceImpl - [WebSocket] 未读数更新推送成功: userId=1002
Fetched SqlSession [org.apache.ibatis.session.defaults.DefaultSqlSession@5dea8bf2] from current transaction
==>  Preparing: SELECT user_id,username,password_hash,salt,avatar,phone,role_id,balance,points,status,last_login_time,created_at,updated_at FROM user WHERE user_id=?
==> Parameters: 2007(Long)
<==    Columns: user_id, username, password_hash, salt, avatar, phone, role_id, balance, points, status, last_login_time, created_at, updated_at
<==        Row: 2007, testuser, $2a$10$X6Hjs4rcexKR2G3gQX804.M1FGYAtu8LewYAbxWLk.42.HJlG0Cca, UaHlv5ejQlh6Z/MexlP6cA==, null, null, 2, 0.00, 0, 1, 2026-02-28 22:25:03, 2026-01-30 17:14:19, 2026-02-28 22:25:03
<==      Total: 1
Releasing transactional SqlSession [org.apache.ibatis.session.defaults.DefaultSqlSession@5dea8bf2]
Fetched SqlSession [org.apache.ibatis.session.defaults.DefaultSqlSession@5dea8bf2] from current transaction
==>  Preparing: INSERT INTO message ( conversation_id, sender_id, receiver_id, content, message_type, content_type, is_read, created_at ) VALUES ( ?, ?, ?, ?, ?, ?, ?, ? )
==> Parameters: system_2007(String), 0(Long), 2007(Long), Batch notification test(String), 1(Integer), 2(Integer), 0(Integer), 2026-04-23T17:14:20.755969700(LocalDateTime)
<==    Updates: 1
Releasing transactional SqlSession [org.apache.ibatis.session.defaults.DefaultSqlSession@5dea8bf2]
2026-04-23 17:14:20 [main] INFO  c.e.s.s.impl.ConversationServiceImpl - 创建或更新会话: conversationId=system_2007, userId=2007, messageId=2158
Fetched SqlSession [org.apache.ibatis.session.defaults.DefaultSqlSession@5dea8bf2] from current transaction
==>  Preparing: SELECT conversation_id,user_id,conversation_type,target_id,target_name,target_avatar,last_message_id,last_message_content,last_message_time,unread_count,total_count,is_pinned,created_at,updated_at FROM conversation WHERE (conversation_id = ? AND user_id = ?)
==> Parameters: system_2007(String), 2007(Long)
<==    Columns: conversation_id, user_id, conversation_type, target_id, target_name, target_avatar, last_message_id, last_message_content, last_message_time, unread_count, total_count, is_pinned, created_at, updated_at
<==        Row: system_2007, 2007, 2, 0, 系统通知, null, 2148, ngrok, 2026-04-02 19:56:39, 12, 12, 0, 2026-02-09 17:14:35, 2026-02-09 17:14:35
<==      Total: 1
Releasing transactional SqlSession [org.apache.ibatis.session.defaults.DefaultSqlSession@5dea8bf2]
Fetched SqlSession [org.apache.ibatis.session.defaults.DefaultSqlSession@5dea8bf2] from current transaction
==>  Preparing: UPDATE conversation SET last_message_id = ?, last_message_content = ?, last_message_time = ?, unread_count = ?, total_count = ?, updated_at = ? WHERE conversation_id = ? AND user_id = ?
==> Parameters: 2158(Long), Batch notification test(String), 2026-04-23T17:14:20.755969700(LocalDateTime), 13(Integer), 13(Integer), 2026-02-09T17:14:35(LocalDateTime), system_2007(String), 2007(Long)
<==    Updates: 1
Releasing transactional SqlSession [org.apache.ibatis.session.defaults.DefaultSqlSession@5dea8bf2]
2026-04-23 17:14:20 [main] INFO  c.e.s.s.impl.ConversationServiceImpl - 更新会话成功: conversationId=system_2007, userId=2007
2026-04-23 17:14:20 [main] INFO  c.e.s.s.impl.WebSocketServiceImpl - [WebSocket] 推送消息: userId=2007, messageId=2158
2026-04-23 17:14:20 [main] WARN  c.e.s.w.NativeWebSocketHandler - [WebSocket] 用户不在线或连接已关闭: userId=2007
2026-04-23 17:14:20 [main] INFO  c.e.s.s.impl.WebSocketServiceImpl - [WebSocket] 消息推送成功: userId=2007, messageId=2158
Fetched SqlSession [org.apache.ibatis.session.defaults.DefaultSqlSession@5dea8bf2] from current transaction
==>  Preparing: SELECT COALESCE(SUM(unread_count), 0) FROM conversation WHERE user_id = ?
==> Parameters: 2007(Long)
<==    Columns: COALESCE(SUM(unread_count), 0)
<==        Row: 13
<==      Total: 1
Releasing transactional SqlSession [org.apache.ibatis.session.defaults.DefaultSqlSession@5dea8bf2]
Fetched SqlSession [org.apache.ibatis.session.defaults.DefaultSqlSession@5dea8bf2] from current transaction
==>  Preparing: SELECT COALESCE(unread_count, 0) FROM conversation WHERE conversation_id = ? AND user_id = ?
==> Parameters: system_2007(String), 2007(Long)
<==    Columns: COALESCE(unread_count, 0)
<==        Row: 13
<==      Total: 1
Releasing transactional SqlSession [org.apache.ibatis.session.defaults.DefaultSqlSession@5dea8bf2]
2026-04-23 17:14:20 [main] INFO  c.e.s.s.impl.WebSocketServiceImpl - [WebSocket] 推送未读数更新: userId=2007, conversationId=system_2007, unreadCount=13
2026-04-23 17:14:20 [main] WARN  c.e.s.w.NativeWebSocketHandler - [WebSocket] 用户不在线或连接已关闭: userId=2007
2026-04-23 17:14:20 [main] INFO  c.e.s.s.impl.WebSocketServiceImpl - [WebSocket] 未读数更新推送成功: userId=2007
Fetched SqlSession [org.apache.ibatis.session.defaults.DefaultSqlSession@5dea8bf2] from current transaction
==>  Preparing: SELECT user_id,username,password_hash,salt,avatar,phone,role_id,balance,points,status,last_login_time,created_at,updated_at FROM user WHERE user_id=?
==> Parameters: 2008(Long)
<==    Columns: user_id, username, password_hash, salt, avatar, phone, role_id, balance, points, status, last_login_time, created_at, updated_at
<==        Row: 2008, user2, $2a$10$eqw7hmu0MP0PdSw7Mo3ed.5DCvLu7wtcNKQ3QxnYbfSsSCp8Wo.be, DgOMjsIc2/rlRdtOYAF6jQ==, null, null, 2, 100.00, 0, 1, 2026-03-08 22:14:44, 2026-02-09 18:21:41, 2026-03-08 22:14:44
<==      Total: 1
Releasing transactional SqlSession [org.apache.ibatis.session.defaults.DefaultSqlSession@5dea8bf2]
Fetched SqlSession [org.apache.ibatis.session.defaults.DefaultSqlSession@5dea8bf2] from current transaction
==>  Preparing: INSERT INTO message ( conversation_id, sender_id, receiver_id, content, message_type, content_type, is_read, created_at ) VALUES ( ?, ?, ?, ?, ?, ?, ?, ? )
==> Parameters: system_2008(String), 0(Long), 2008(Long), Batch notification test(String), 1(Integer), 2(Integer), 0(Integer), 2026-04-23T17:14:20.782082800(LocalDateTime)
<==    Updates: 1
Releasing transactional SqlSession [org.apache.ibatis.session.defaults.DefaultSqlSession@5dea8bf2]
2026-04-23 17:14:20 [main] INFO  c.e.s.s.impl.ConversationServiceImpl - 创建或更新会话: conversationId=system_2008, userId=2008, messageId=2159
Fetched SqlSession [org.apache.ibatis.session.defaults.DefaultSqlSession@5dea8bf2] from current transaction
==>  Preparing: SELECT conversation_id,user_id,conversation_type,target_id,target_name,target_avatar,last_message_id,last_message_content,last_message_time,unread_count,total_count,is_pinned,created_at,updated_at FROM conversation WHERE (conversation_id = ? AND user_id = ?)
==> Parameters: system_2008(String), 2008(Long)
<==    Columns: conversation_id, user_id, conversation_type, target_id, target_name, target_avatar, last_message_id, last_message_content, last_message_time, unread_count, total_count, is_pinned, created_at, updated_at
<==        Row: system_2008, 2008, 2, 0, 系统通知, null, 2149, ngrok, 2026-04-02 19:56:39, 10, 10, 0, 2026-02-28 17:24:17, 2026-02-28 17:24:17
<==      Total: 1
Releasing transactional SqlSession [org.apache.ibatis.session.defaults.DefaultSqlSession@5dea8bf2]
Fetched SqlSession [org.apache.ibatis.session.defaults.DefaultSqlSession@5dea8bf2] from current transaction
==>  Preparing: UPDATE conversation SET last_message_id = ?, last_message_content = ?, last_message_time = ?, unread_count = ?, total_count = ?, updated_at = ? WHERE conversation_id = ? AND user_id = ?
==> Parameters: 2159(Long), Batch notification test(String), 2026-04-23T17:14:20.782082800(LocalDateTime), 11(Integer), 11(Integer), 2026-02-28T17:24:17(LocalDateTime), system_2008(String), 2008(Long)
<==    Updates: 1
Releasing transactional SqlSession [org.apache.ibatis.session.defaults.DefaultSqlSession@5dea8bf2]
2026-04-23 17:14:20 [main] INFO  c.e.s.s.impl.ConversationServiceImpl - 更新会话成功: conversationId=system_2008, userId=2008
2026-04-23 17:14:20 [main] INFO  c.e.s.s.impl.WebSocketServiceImpl - [WebSocket] 推送消息: userId=2008, messageId=2159
2026-04-23 17:14:20 [main] WARN  c.e.s.w.NativeWebSocketHandler - [WebSocket] 用户不在线或连接已关闭: userId=2008
2026-04-23 17:14:20 [main] INFO  c.e.s.s.impl.WebSocketServiceImpl - [WebSocket] 消息推送成功: userId=2008, messageId=2159
Fetched SqlSession [org.apache.ibatis.session.defaults.DefaultSqlSession@5dea8bf2] from current transaction
==>  Preparing: SELECT COALESCE(SUM(unread_count), 0) FROM conversation WHERE user_id = ?
==> Parameters: 2008(Long)
<==    Columns: COALESCE(SUM(unread_count), 0)
<==        Row: 11
<==      Total: 1
Releasing transactional SqlSession [org.apache.ibatis.session.defaults.DefaultSqlSession@5dea8bf2]
Fetched SqlSession [org.apache.ibatis.session.defaults.DefaultSqlSession@5dea8bf2] from current transaction
==>  Preparing: SELECT COALESCE(unread_count, 0) FROM conversation WHERE conversation_id = ? AND user_id = ?
==> Parameters: system_2008(String), 2008(Long)
<==    Columns: COALESCE(unread_count, 0)
<==        Row: 11
<==      Total: 1
Releasing transactional SqlSession [org.apache.ibatis.session.defaults.DefaultSqlSession@5dea8bf2]
2026-04-23 17:14:20 [main] INFO  c.e.s.s.impl.WebSocketServiceImpl - [WebSocket] 推送未读数更新: userId=2008, conversationId=system_2008, unreadCount=11
2026-04-23 17:14:20 [main] WARN  c.e.s.w.NativeWebSocketHandler - [WebSocket] 用户不在线或连接已关闭: userId=2008
2026-04-23 17:14:20 [main] INFO  c.e.s.s.impl.WebSocketServiceImpl - [WebSocket] 未读数更新推送成功: userId=2008
Fetched SqlSession [org.apache.ibatis.session.defaults.DefaultSqlSession@5dea8bf2] from current transaction
==>  Preparing: SELECT user_id,username,password_hash,salt,avatar,phone,role_id,balance,points,status,last_login_time,created_at,updated_at FROM user WHERE user_id=?
==> Parameters: 2009(Long)
<==    Columns: user_id, username, password_hash, salt, avatar, phone, role_id, balance, points, status, last_login_time, created_at, updated_at
<==        Row: 2009, user3, $2a$10$egs2gCRQT4lmAhNlA19BSOc/Os9rYyb3.QG1nJaVb3Lino.7Aj6qe, APsLFPdRRSnWyrhDr/fgJg==, null, null, 2, 61.56, 0, 1, 2026-03-08 22:14:44, 2026-02-09 18:23:41, 2026-03-08 22:14:44
<==      Total: 1
Releasing transactional SqlSession [org.apache.ibatis.session.defaults.DefaultSqlSession@5dea8bf2]
Fetched SqlSession [org.apache.ibatis.session.defaults.DefaultSqlSession@5dea8bf2] from current transaction
==>  Preparing: INSERT INTO message ( conversation_id, sender_id, receiver_id, content, message_type, content_type, is_read, created_at ) VALUES ( ?, ?, ?, ?, ?, ?, ?, ? )
==> Parameters: system_2009(String), 0(Long), 2009(Long), Batch notification test(String), 1(Integer), 2(Integer), 0(Integer), 2026-04-23T17:14:20.808821200(LocalDateTime)
<==    Updates: 1
Releasing transactional SqlSession [org.apache.ibatis.session.defaults.DefaultSqlSession@5dea8bf2]
2026-04-23 17:14:20 [main] INFO  c.e.s.s.impl.ConversationServiceImpl - 创建或更新会话: conversationId=system_2009, userId=2009, messageId=2160
Fetched SqlSession [org.apache.ibatis.session.defaults.DefaultSqlSession@5dea8bf2] from current transaction
==>  Preparing: SELECT conversation_id,user_id,conversation_type,target_id,target_name,target_avatar,last_message_id,last_message_content,last_message_time,unread_count,total_count,is_pinned,created_at,updated_at FROM conversation WHERE (conversation_id = ? AND user_id = ?)
==> Parameters: system_2009(String), 2009(Long)
<==    Columns: conversation_id, user_id, conversation_type, target_id, target_name, target_avatar, last_message_id, last_message_content, last_message_time, unread_count, total_count, is_pinned, created_at, updated_at
<==        Row: system_2009, 2009, 2, 0, 系统通知, null, 2150, ngrok, 2026-04-02 19:56:39, 10, 10, 0, 2026-02-28 17:24:17, 2026-02-28 17:24:17
<==      Total: 1
Releasing transactional SqlSession [org.apache.ibatis.session.defaults.DefaultSqlSession@5dea8bf2]
Fetched SqlSession [org.apache.ibatis.session.defaults.DefaultSqlSession@5dea8bf2] from current transaction
==>  Preparing: UPDATE conversation SET last_message_id = ?, last_message_content = ?, last_message_time = ?, unread_count = ?, total_count = ?, updated_at = ? WHERE conversation_id = ? AND user_id = ?
==> Parameters: 2160(Long), Batch notification test(String), 2026-04-23T17:14:20.808821200(LocalDateTime), 11(Integer), 11(Integer), 2026-02-28T17:24:17(LocalDateTime), system_2009(String), 2009(Long)
<==    Updates: 1
Releasing transactional SqlSession [org.apache.ibatis.session.defaults.DefaultSqlSession@5dea8bf2]
2026-04-23 17:14:20 [main] INFO  c.e.s.s.impl.ConversationServiceImpl - 更新会话成功: conversationId=system_2009, userId=2009
2026-04-23 17:14:20 [main] INFO  c.e.s.s.impl.WebSocketServiceImpl - [WebSocket] 推送消息: userId=2009, messageId=2160
2026-04-23 17:14:20 [main] WARN  c.e.s.w.NativeWebSocketHandler - [WebSocket] 用户不在线或连接已关闭: userId=2009
2026-04-23 17:14:20 [main] INFO  c.e.s.s.impl.WebSocketServiceImpl - [WebSocket] 消息推送成功: userId=2009, messageId=2160
Fetched SqlSession [org.apache.ibatis.session.defaults.DefaultSqlSession@5dea8bf2] from current transaction
==>  Preparing: SELECT COALESCE(SUM(unread_count), 0) FROM conversation WHERE user_id = ?
==> Parameters: 2009(Long)
<==    Columns: COALESCE(SUM(unread_count), 0)
<==        Row: 11
<==      Total: 1
Releasing transactional SqlSession [org.apache.ibatis.session.defaults.DefaultSqlSession@5dea8bf2]
Fetched SqlSession [org.apache.ibatis.session.defaults.DefaultSqlSession@5dea8bf2] from current transaction
==>  Preparing: SELECT COALESCE(unread_count, 0) FROM conversation WHERE conversation_id = ? AND user_id = ?
==> Parameters: system_2009(String), 2009(Long)
<==    Columns: COALESCE(unread_count, 0)
<==        Row: 11
<==      Total: 1
Releasing transactional SqlSession [org.apache.ibatis.session.defaults.DefaultSqlSession@5dea8bf2]
2026-04-23 17:14:20 [main] INFO  c.e.s.s.impl.WebSocketServiceImpl - [WebSocket] 推送未读数更新: userId=2009, conversationId=system_2009, unreadCount=11
2026-04-23 17:14:20 [main] WARN  c.e.s.w.NativeWebSocketHandler - [WebSocket] 用户不在线或连接已关闭: userId=2009
2026-04-23 17:14:20 [main] INFO  c.e.s.s.impl.WebSocketServiceImpl - [WebSocket] 未读数更新推送成功: userId=2009
Fetched SqlSession [org.apache.ibatis.session.defaults.DefaultSqlSession@5dea8bf2] from current transaction
==>  Preparing: SELECT user_id,username,password_hash,salt,avatar,phone,role_id,balance,points,status,last_login_time,created_at,updated_at FROM user WHERE user_id=?
==> Parameters: 2010(Long)
<==    Columns: user_id, username, password_hash, salt, avatar, phone, role_id, balance, points, status, last_login_time, created_at, updated_at
<==        Row: 2010, testuser_stock, $2a$10$cBXS3C86dvwDngSj1tHu/OdJ5dYASU12NvFzRyzR0D2Tu.P.ZM2eC, YgXNGefwhsJCSlslwqM+Vw==, null, null, 2, 0.00, 0, 1, 2026-02-24 21:18:40, 2026-02-24 21:18:18, 2026-02-24 21:18:40
<==      Total: 1
Releasing transactional SqlSession [org.apache.ibatis.session.defaults.DefaultSqlSession@5dea8bf2]
Fetched SqlSession [org.apache.ibatis.session.defaults.DefaultSqlSession@5dea8bf2] from current transaction
==>  Preparing: INSERT INTO message ( conversation_id, sender_id, receiver_id, content, message_type, content_type, is_read, created_at ) VALUES ( ?, ?, ?, ?, ?, ?, ?, ? )
==> Parameters: system_2010(String), 0(Long), 2010(Long), Batch notification test(String), 1(Integer), 2(Integer), 0(Integer), 2026-04-23T17:14:20.834934300(LocalDateTime)
<==    Updates: 1
Releasing transactional SqlSession [org.apache.ibatis.session.defaults.DefaultSqlSession@5dea8bf2]
2026-04-23 17:14:20 [main] INFO  c.e.s.s.impl.ConversationServiceImpl - 创建或更新会话: conversationId=system_2010, userId=2010, messageId=2161
Fetched SqlSession [org.apache.ibatis.session.defaults.DefaultSqlSession@5dea8bf2] from current transaction
==>  Preparing: SELECT conversation_id,user_id,conversation_type,target_id,target_name,target_avatar,last_message_id,last_message_content,last_message_time,unread_count,total_count,is_pinned,created_at,updated_at FROM conversation WHERE (conversation_id = ? AND user_id = ?)
==> Parameters: system_2010(String), 2010(Long)
<==    Columns: conversation_id, user_id, conversation_type, target_id, target_name, target_avatar, last_message_id, last_message_content, last_message_time, unread_count, total_count, is_pinned, created_at, updated_at
<==        Row: system_2010, 2010, 2, 0, 系统通知, null, 2151, ngrok, 2026-04-02 19:56:39, 10, 10, 0, 2026-02-28 17:24:17, 2026-02-28 17:24:17
<==      Total: 1
Releasing transactional SqlSession [org.apache.ibatis.session.defaults.DefaultSqlSession@5dea8bf2]
Fetched SqlSession [org.apache.ibatis.session.defaults.DefaultSqlSession@5dea8bf2] from current transaction
==>  Preparing: UPDATE conversation SET last_message_id = ?, last_message_content = ?, last_message_time = ?, unread_count = ?, total_count = ?, updated_at = ? WHERE conversation_id = ? AND user_id = ?
==> Parameters: 2161(Long), Batch notification test(String), 2026-04-23T17:14:20.834934300(LocalDateTime), 11(Integer), 11(Integer), 2026-02-28T17:24:17(LocalDateTime), system_2010(String), 2010(Long)
<==    Updates: 1
Releasing transactional SqlSession [org.apache.ibatis.session.defaults.DefaultSqlSession@5dea8bf2]
2026-04-23 17:14:20 [main] INFO  c.e.s.s.impl.ConversationServiceImpl - 更新会话成功: conversationId=system_2010, userId=2010
2026-04-23 17:14:20 [main] INFO  c.e.s.s.impl.WebSocketServiceImpl - [WebSocket] 推送消息: userId=2010, messageId=2161
2026-04-23 17:14:20 [main] WARN  c.e.s.w.NativeWebSocketHandler - [WebSocket] 用户不在线或连接已关闭: userId=2010
2026-04-23 17:14:20 [main] INFO  c.e.s.s.impl.WebSocketServiceImpl - [WebSocket] 消息推送成功: userId=2010, messageId=2161
Fetched SqlSession [org.apache.ibatis.session.defaults.DefaultSqlSession@5dea8bf2] from current transaction
==>  Preparing: SELECT COALESCE(SUM(unread_count), 0) FROM conversation WHERE user_id = ?
==> Parameters: 2010(Long)
<==    Columns: COALESCE(SUM(unread_count), 0)
<==        Row: 11
<==      Total: 1
Releasing transactional SqlSession [org.apache.ibatis.session.defaults.DefaultSqlSession@5dea8bf2]
Fetched SqlSession [org.apache.ibatis.session.defaults.DefaultSqlSession@5dea8bf2] from current transaction
==>  Preparing: SELECT COALESCE(unread_count, 0) FROM conversation WHERE conversation_id = ? AND user_id = ?
==> Parameters: system_2010(String), 2010(Long)
<==    Columns: COALESCE(unread_count, 0)
<==        Row: 11
<==      Total: 1
Releasing transactional SqlSession [org.apache.ibatis.session.defaults.DefaultSqlSession@5dea8bf2]
2026-04-23 17:14:20 [main] INFO  c.e.s.s.impl.WebSocketServiceImpl - [WebSocket] 推送未读数更新: userId=2010, conversationId=system_2010, unreadCount=11
2026-04-23 17:14:20 [main] WARN  c.e.s.w.NativeWebSocketHandler - [WebSocket] 用户不在线或连接已关闭: userId=2010
2026-04-23 17:14:20 [main] INFO  c.e.s.s.impl.WebSocketServiceImpl - [WebSocket] 未读数更新推送成功: userId=2010
Fetched SqlSession [org.apache.ibatis.session.defaults.DefaultSqlSession@5dea8bf2] from current transaction
==>  Preparing: SELECT user_id,username,password_hash,salt,avatar,phone,role_id,balance,points,status,last_login_time,created_at,updated_at FROM user WHERE user_id=?
==> Parameters: 2011(Long)
<==    Columns: user_id, username, password_hash, salt, avatar, phone, role_id, balance, points, status, last_login_time, created_at, updated_at
<==        Row: 2011, user4, $2a$10$rTgNgmCc5rGP0y2PnW7OdeRmacB3d5BL4HdwJXE216pRY3J14HvZq, oOkbOxmorEg5w4XTsGGpoQ==, null, null, 2, 0.00, 0, 1, 2026-03-08 22:14:44, 2026-03-01 21:32:06, 2026-03-08 22:14:44
<==      Total: 1
Releasing transactional SqlSession [org.apache.ibatis.session.defaults.DefaultSqlSession@5dea8bf2]
Fetched SqlSession [org.apache.ibatis.session.defaults.DefaultSqlSession@5dea8bf2] from current transaction
==>  Preparing: INSERT INTO message ( conversation_id, sender_id, receiver_id, content, message_type, content_type, is_read, created_at ) VALUES ( ?, ?, ?, ?, ?, ?, ?, ? )
==> Parameters: system_2011(String), 0(Long), 2011(Long), Batch notification test(String), 1(Integer), 2(Integer), 0(Integer), 2026-04-23T17:14:20.855833(LocalDateTime)
<==    Updates: 1
Releasing transactional SqlSession [org.apache.ibatis.session.defaults.DefaultSqlSession@5dea8bf2]
2026-04-23 17:14:20 [main] INFO  c.e.s.s.impl.ConversationServiceImpl - 创建或更新会话: conversationId=system_2011, userId=2011, messageId=2162
Fetched SqlSession [org.apache.ibatis.session.defaults.DefaultSqlSession@5dea8bf2] from current transaction
==>  Preparing: SELECT conversation_id,user_id,conversation_type,target_id,target_name,target_avatar,last_message_id,last_message_content,last_message_time,unread_count,total_count,is_pinned,created_at,updated_at FROM conversation WHERE (conversation_id = ? AND user_id = ?)
==> Parameters: system_2011(String), 2011(Long)
<==    Columns: conversation_id, user_id, conversation_type, target_id, target_name, target_avatar, last_message_id, last_message_content, last_message_time, unread_count, total_count, is_pinned, created_at, updated_at
<==        Row: system_2011, 2011, 2, 0, 系统通知, null, 2152, ngrok, 2026-04-02 19:56:39, 1, 1, 0, 2026-04-02 19:56:39, 2026-04-02 19:56:39
<==      Total: 1
Releasing transactional SqlSession [org.apache.ibatis.session.defaults.DefaultSqlSession@5dea8bf2]
Fetched SqlSession [org.apache.ibatis.session.defaults.DefaultSqlSession@5dea8bf2] from current transaction
==>  Preparing: UPDATE conversation SET last_message_id = ?, last_message_content = ?, last_message_time = ?, unread_count = ?, total_count = ?, updated_at = ? WHERE conversation_id = ? AND user_id = ?
==> Parameters: 2162(Long), Batch notification test(String), 2026-04-23T17:14:20.855833(LocalDateTime), 2(Integer), 2(Integer), 2026-04-02T19:56:39(LocalDateTime), system_2011(String), 2011(Long)
<==    Updates: 1
Releasing transactional SqlSession [org.apache.ibatis.session.defaults.DefaultSqlSession@5dea8bf2]
2026-04-23 17:14:20 [main] INFO  c.e.s.s.impl.ConversationServiceImpl - 更新会话成功: conversationId=system_2011, userId=2011
2026-04-23 17:14:20 [main] INFO  c.e.s.s.impl.WebSocketServiceImpl - [WebSocket] 推送消息: userId=2011, messageId=2162
2026-04-23 17:14:20 [main] WARN  c.e.s.w.NativeWebSocketHandler - [WebSocket] 用户不在线或连接已关闭: userId=2011
2026-04-23 17:14:20 [main] INFO  c.e.s.s.impl.WebSocketServiceImpl - [WebSocket] 消息推送成功: userId=2011, messageId=2162
Fetched SqlSession [org.apache.ibatis.session.defaults.DefaultSqlSession@5dea8bf2] from current transaction
==>  Preparing: SELECT COALESCE(SUM(unread_count), 0) FROM conversation WHERE user_id = ?
==> Parameters: 2011(Long)
<==    Columns: COALESCE(SUM(unread_count), 0)
<==        Row: 2
<==      Total: 1
Releasing transactional SqlSession [org.apache.ibatis.session.defaults.DefaultSqlSession@5dea8bf2]
Fetched SqlSession [org.apache.ibatis.session.defaults.DefaultSqlSession@5dea8bf2] from current transaction
==>  Preparing: SELECT COALESCE(unread_count, 0) FROM conversation WHERE conversation_id = ? AND user_id = ?
==> Parameters: system_2011(String), 2011(Long)
<==    Columns: COALESCE(unread_count, 0)
<==        Row: 2
<==      Total: 1
Releasing transactional SqlSession [org.apache.ibatis.session.defaults.DefaultSqlSession@5dea8bf2]
2026-04-23 17:14:20 [main] INFO  c.e.s.s.impl.WebSocketServiceImpl - [WebSocket] 推送未读数更新: userId=2011, conversationId=system_2011, unreadCount=2
2026-04-23 17:14:20 [main] WARN  c.e.s.w.NativeWebSocketHandler - [WebSocket] 用户不在线或连接已关闭: userId=2011
2026-04-23 17:14:20 [main] INFO  c.e.s.s.impl.WebSocketServiceImpl - [WebSocket] 未读数更新推送成功: userId=2011
Fetched SqlSession [org.apache.ibatis.session.defaults.DefaultSqlSession@5dea8bf2] from current transaction
==>  Preparing: SELECT user_id,username,password_hash,salt,avatar,phone,role_id,balance,points,status,last_login_time,created_at,updated_at FROM user WHERE user_id=?
==> Parameters: 2012(Long)
<==    Columns: user_id, username, password_hash, salt, avatar, phone, role_id, balance, points, status, last_login_time, created_at, updated_at
<==        Row: 2012, user5, $2a$10$aUl1uSs1H/QZ3QL891/piuP23NUdjB1fam6dhKxwausZJvgSqOZLS, yBSKNrV2ysH0NonGQNi23w==, null, null, 2, 0.00, 0, 1, 2026-03-08 22:14:45, 2026-03-01 21:32:28, 2026-03-08 22:14:45
<==      Total: 1
Releasing transactional SqlSession [org.apache.ibatis.session.defaults.DefaultSqlSession@5dea8bf2]
Fetched SqlSession [org.apache.ibatis.session.defaults.DefaultSqlSession@5dea8bf2] from current transaction
==>  Preparing: INSERT INTO message ( conversation_id, sender_id, receiver_id, content, message_type, content_type, is_read, created_at ) VALUES ( ?, ?, ?, ?, ?, ?, ?, ? )
==> Parameters: system_2012(String), 0(Long), 2012(Long), Batch notification test(String), 1(Integer), 2(Integer), 0(Integer), 2026-04-23T17:14:20.871398800(LocalDateTime)
<==    Updates: 1
Releasing transactional SqlSession [org.apache.ibatis.session.defaults.DefaultSqlSession@5dea8bf2]
2026-04-23 17:14:20 [main] INFO  c.e.s.s.impl.ConversationServiceImpl - 创建或更新会话: conversationId=system_2012, userId=2012, messageId=2163
Fetched SqlSession [org.apache.ibatis.session.defaults.DefaultSqlSession@5dea8bf2] from current transaction
==>  Preparing: SELECT conversation_id,user_id,conversation_type,target_id,target_name,target_avatar,last_message_id,last_message_content,last_message_time,unread_count,total_count,is_pinned,created_at,updated_at FROM conversation WHERE (conversation_id = ? AND user_id = ?)
==> Parameters: system_2012(String), 2012(Long)
<==    Columns: conversation_id, user_id, conversation_type, target_id, target_name, target_avatar, last_message_id, last_message_content, last_message_time, unread_count, total_count, is_pinned, created_at, updated_at
<==        Row: system_2012, 2012, 2, 0, 系统通知, null, 2153, ngrok, 2026-04-02 19:56:39, 1, 1, 0, 2026-04-02 19:56:39, 2026-04-02 19:56:39
<==      Total: 1
Releasing transactional SqlSession [org.apache.ibatis.session.defaults.DefaultSqlSession@5dea8bf2]
Fetched SqlSession [org.apache.ibatis.session.defaults.DefaultSqlSession@5dea8bf2] from current transaction
==>  Preparing: UPDATE conversation SET last_message_id = ?, last_message_content = ?, last_message_time = ?, unread_count = ?, total_count = ?, updated_at = ? WHERE conversation_id = ? AND user_id = ?
==> Parameters: 2163(Long), Batch notification test(String), 2026-04-23T17:14:20.871398800(LocalDateTime), 2(Integer), 2(Integer), 2026-04-02T19:56:39(LocalDateTime), system_2012(String), 2012(Long)
<==    Updates: 1
Releasing transactional SqlSession [org.apache.ibatis.session.defaults.DefaultSqlSession@5dea8bf2]
2026-04-23 17:14:20 [main] INFO  c.e.s.s.impl.ConversationServiceImpl - 更新会话成功: conversationId=system_2012, userId=2012
2026-04-23 17:14:20 [main] INFO  c.e.s.s.impl.WebSocketServiceImpl - [WebSocket] 推送消息: userId=2012, messageId=2163
2026-04-23 17:14:20 [main] WARN  c.e.s.w.NativeWebSocketHandler - [WebSocket] 用户不在线或连接已关闭: userId=2012
2026-04-23 17:14:20 [main] INFO  c.e.s.s.impl.WebSocketServiceImpl - [WebSocket] 消息推送成功: userId=2012, messageId=2163
Fetched SqlSession [org.apache.ibatis.session.defaults.DefaultSqlSession@5dea8bf2] from current transaction
==>  Preparing: SELECT COALESCE(SUM(unread_count), 0) FROM conversation WHERE user_id = ?
==> Parameters: 2012(Long)
<==    Columns: COALESCE(SUM(unread_count), 0)
<==        Row: 2
<==      Total: 1
Releasing transactional SqlSession [org.apache.ibatis.session.defaults.DefaultSqlSession@5dea8bf2]
Fetched SqlSession [org.apache.ibatis.session.defaults.DefaultSqlSession@5dea8bf2] from current transaction
==>  Preparing: SELECT COALESCE(unread_count, 0) FROM conversation WHERE conversation_id = ? AND user_id = ?
==> Parameters: system_2012(String), 2012(Long)
<==    Columns: COALESCE(unread_count, 0)
<==        Row: 2
<==      Total: 1
Releasing transactional SqlSession [org.apache.ibatis.session.defaults.DefaultSqlSession@5dea8bf2]
2026-04-23 17:14:20 [main] INFO  c.e.s.s.impl.WebSocketServiceImpl - [WebSocket] 推送未读数更新: userId=2012, conversationId=system_2012, unreadCount=2
2026-04-23 17:14:20 [main] WARN  c.e.s.w.NativeWebSocketHandler - [WebSocket] 用户不在线或连接已关闭: userId=2012
2026-04-23 17:14:20 [main] INFO  c.e.s.s.impl.WebSocketServiceImpl - [WebSocket] 未读数更新推送成功: userId=2012
2026-04-23 17:14:20 [main] INFO  c.e.s.s.impl.MessageServiceImpl - 批量发送系统通知完成: senderId=1, successCount=10, failedCount=0
Transaction synchronization deregistering SqlSession [org.apache.ibatis.session.defaults.DefaultSqlSession@5dea8bf2]
Transaction synchronization closing SqlSession [org.apache.ibatis.session.defaults.DefaultSqlSession@5dea8bf2]
]]></system-out>
  </testcase>
  <testcase name="testSendMessage" classname="com.example.shop.MessageServiceRefactorTest" time="0.079">
    <system-out><![CDATA[Creating a new SqlSession
Registering transaction synchronization for SqlSession [org.apache.ibatis.session.defaults.DefaultSqlSession@671f70bc]
JDBC Connection [HikariProxyConnection@1715779513 wrapping com.mysql.cj.jdbc.ConnectionImpl@14cd3858] will be managed by Spring
==>  Preparing: INSERT INTO user ( user_id, username, password_hash, salt, role_id, status, created_at, updated_at ) VALUES ( ?, ?, ?, ?, ?, ?, ?, ? )
==> Parameters: 1001(Long), test_sender(String), hash(String), salt(String), 2(Integer), 1(Integer), 2026-04-23T17:14:20.904803500(LocalDateTime), 2026-04-23T17:14:20.904803500(LocalDateTime)
<==    Updates: 1
Releasing transactional SqlSession [org.apache.ibatis.session.defaults.DefaultSqlSession@671f70bc]
Fetched SqlSession [org.apache.ibatis.session.defaults.DefaultSqlSession@671f70bc] from current transaction
==>  Preparing: INSERT INTO user ( user_id, username, password_hash, salt, role_id, status, created_at, updated_at ) VALUES ( ?, ?, ?, ?, ?, ?, ?, ? )
==> Parameters: 1002(Long), test_receiver(String), hash(String), salt(String), 2(Integer), 1(Integer), 2026-04-23T17:14:20.914358100(LocalDateTime), 2026-04-23T17:14:20.915359400(LocalDateTime)
<==    Updates: 1
Releasing transactional SqlSession [org.apache.ibatis.session.defaults.DefaultSqlSession@671f70bc]
Fetched SqlSession [org.apache.ibatis.session.defaults.DefaultSqlSession@671f70bc] from current transaction
==>  Preparing: SELECT user_id,username,password_hash,salt,avatar,phone,role_id,balance,points,status,last_login_time,created_at,updated_at FROM user WHERE user_id=?
==> Parameters: 1002(Long)
<==    Columns: user_id, username, password_hash, salt, avatar, phone, role_id, balance, points, status, last_login_time, created_at, updated_at
<==        Row: 1002, test_receiver, hash, salt, null, null, 2, 0.00, 0, 1, null, 2026-04-23 17:14:21, 2026-04-23 17:14:21
<==      Total: 1
Releasing transactional SqlSession [org.apache.ibatis.session.defaults.DefaultSqlSession@671f70bc]
Fetched SqlSession [org.apache.ibatis.session.defaults.DefaultSqlSession@671f70bc] from current transaction
==>  Preparing: INSERT INTO message ( conversation_id, sender_id, receiver_id, content, message_type, content_type, is_read, created_at ) VALUES ( ?, ?, ?, ?, ?, ?, ?, ? )
==> Parameters: private_1001_1002(String), 1001(Long), 1002(Long), Test message(String), 1(Integer), 1(Integer), 0(Integer), 2026-04-23T17:14:20.925395500(LocalDateTime)
<==    Updates: 1
Releasing transactional SqlSession [org.apache.ibatis.session.defaults.DefaultSqlSession@671f70bc]
2026-04-23 17:14:20 [main] INFO  c.e.s.s.impl.ConversationServiceImpl - 创建或更新会话: conversationId=private_1001_1002, userId=1001, messageId=2164
Fetched SqlSession [org.apache.ibatis.session.defaults.DefaultSqlSession@671f70bc] from current transaction
==>  Preparing: SELECT conversation_id,user_id,conversation_type,target_id,target_name,target_avatar,last_message_id,last_message_content,last_message_time,unread_count,total_count,is_pinned,created_at,updated_at FROM conversation WHERE (conversation_id = ? AND user_id = ?)
==> Parameters: private_1001_1002(String), 1001(Long)
<==      Total: 0
Releasing transactional SqlSession [org.apache.ibatis.session.defaults.DefaultSqlSession@671f70bc]
Fetched SqlSession [org.apache.ibatis.session.defaults.DefaultSqlSession@671f70bc] from current transaction
==>  Preparing: SELECT user_id,username,password_hash,salt,avatar,phone,role_id,balance,points,status,last_login_time,created_at,updated_at FROM user WHERE user_id=?
==> Parameters: 1002(Long)
<==    Columns: user_id, username, password_hash, salt, avatar, phone, role_id, balance, points, status, last_login_time, created_at, updated_at
<==        Row: 1002, test_receiver, hash, salt, null, null, 2, 0.00, 0, 1, null, 2026-04-23 17:14:21, 2026-04-23 17:14:21
<==      Total: 1
Releasing transactional SqlSession [org.apache.ibatis.session.defaults.DefaultSqlSession@671f70bc]
Fetched SqlSession [org.apache.ibatis.session.defaults.DefaultSqlSession@671f70bc] from current transaction
==>  Preparing: INSERT INTO conversation ( conversation_id, user_id, conversation_type, target_id, target_name, target_avatar, last_message_id, last_message_content, last_message_time, unread_count, total_count, is_pinned, created_at, updated_at ) VALUES ( ?, ?, ?, ?, ?, ?, ?, ?, ?, ?, ?, ?, ?, ? )
==> Parameters: private_1001_1002(String), 1001(Long), 1(Integer), 1002(Long), test_receiver(String), null, 2164(Long), Test message(String), 2026-04-23T17:14:20.925395500(LocalDateTime), 0(Integer), 1(Integer), 0(Integer), 2026-04-23T17:14:20.938176600(LocalDateTime), 2026-04-23T17:14:20.938176600(LocalDateTime)
<==    Updates: 1
Releasing transactional SqlSession [org.apache.ibatis.session.defaults.DefaultSqlSession@671f70bc]
2026-04-23 17:14:20 [main] INFO  c.e.s.s.impl.ConversationServiceImpl - 创建新会话成功: conversationId=private_1001_1002, userId=1001
2026-04-23 17:14:20 [main] INFO  c.e.s.s.impl.ConversationServiceImpl - 创建或更新会话: conversationId=private_1001_1002, userId=1002, messageId=2164
Fetched SqlSession [org.apache.ibatis.session.defaults.DefaultSqlSession@671f70bc] from current transaction
==>  Preparing: SELECT conversation_id,user_id,conversation_type,target_id,target_name,target_avatar,last_message_id,last_message_content,last_message_time,unread_count,total_count,is_pinned,created_at,updated_at FROM conversation WHERE (conversation_id = ? AND user_id = ?)
==> Parameters: private_1001_1002(String), 1002(Long)
<==      Total: 0
Releasing transactional SqlSession [org.apache.ibatis.session.defaults.DefaultSqlSession@671f70bc]
Fetched SqlSession [org.apache.ibatis.session.defaults.DefaultSqlSession@671f70bc] from current transaction
==>  Preparing: SELECT user_id,username,password_hash,salt,avatar,phone,role_id,balance,points,status,last_login_time,created_at,updated_at FROM user WHERE user_id=?
==> Parameters: 1001(Long)
<==    Columns: user_id, username, password_hash, salt, avatar, phone, role_id, balance, points, status, last_login_time, created_at, updated_at
<==        Row: 1001, test_sender, hash, salt, null, null, 2, 0.00, 0, 1, null, 2026-04-23 17:14:21, 2026-04-23 17:14:21
<==      Total: 1
Releasing transactional SqlSession [org.apache.ibatis.session.defaults.DefaultSqlSession@671f70bc]
Fetched SqlSession [org.apache.ibatis.session.defaults.DefaultSqlSession@671f70bc] from current transaction
==>  Preparing: INSERT INTO conversation ( conversation_id, user_id, conversation_type, target_id, target_name, target_avatar, last_message_id, last_message_content, last_message_time, unread_count, total_count, is_pinned, created_at, updated_at ) VALUES ( ?, ?, ?, ?, ?, ?, ?, ?, ?, ?, ?, ?, ?, ? )
==> Parameters: private_1001_1002(String), 1002(Long), 1(Integer), 1001(Long), test_sender(String), null, 2164(Long), Test message(String), 2026-04-23T17:14:20.925395500(LocalDateTime), 1(Integer), 1(Integer), 0(Integer), 2026-04-23T17:14:20.950206600(LocalDateTime), 2026-04-23T17:14:20.950206600(LocalDateTime)
<==    Updates: 1
Releasing transactional SqlSession [org.apache.ibatis.session.defaults.DefaultSqlSession@671f70bc]
2026-04-23 17:14:20 [main] INFO  c.e.s.s.impl.ConversationServiceImpl - 创建新会话成功: conversationId=private_1001_1002, userId=1002
Fetched SqlSession [org.apache.ibatis.session.defaults.DefaultSqlSession@671f70bc] from current transaction
==>  Preparing: SELECT user_id,username,password_hash,salt,avatar,phone,role_id,balance,points,status,last_login_time,created_at,updated_at FROM user WHERE user_id=?
==> Parameters: 1001(Long)
<==    Columns: user_id, username, password_hash, salt, avatar, phone, role_id, balance, points, status, last_login_time, created_at, updated_at
<==        Row: 1001, test_sender, hash, salt, null, null, 2, 0.00, 0, 1, null, 2026-04-23 17:14:21, 2026-04-23 17:14:21
<==      Total: 1
Releasing transactional SqlSession [org.apache.ibatis.session.defaults.DefaultSqlSession@671f70bc]
2026-04-23 17:14:20 [main] INFO  c.e.s.s.impl.WebSocketServiceImpl - [WebSocket] 推送消息: userId=1002, messageId=2164
2026-04-23 17:14:20 [main] WARN  c.e.s.w.NativeWebSocketHandler - [WebSocket] 用户不在线或连接已关闭: userId=1002
2026-04-23 17:14:20 [main] INFO  c.e.s.s.impl.WebSocketServiceImpl - [WebSocket] 消息推送成功: userId=1002, messageId=2164
Fetched SqlSession [org.apache.ibatis.session.defaults.DefaultSqlSession@671f70bc] from current transaction
==>  Preparing: SELECT COALESCE(SUM(unread_count), 0) FROM conversation WHERE user_id = ?
==> Parameters: 1002(Long)
<==    Columns: COALESCE(SUM(unread_count), 0)
<==        Row: 1
<==      Total: 1
Releasing transactional SqlSession [org.apache.ibatis.session.defaults.DefaultSqlSession@671f70bc]
Fetched SqlSession [org.apache.ibatis.session.defaults.DefaultSqlSession@671f70bc] from current transaction
==>  Preparing: SELECT COALESCE(unread_count, 0) FROM conversation WHERE conversation_id = ? AND user_id = ?
==> Parameters: private_1001_1002(String), 1002(Long)
<==    Columns: COALESCE(unread_count, 0)
<==        Row: 1
<==      Total: 1
Releasing transactional SqlSession [org.apache.ibatis.session.defaults.DefaultSqlSession@671f70bc]
2026-04-23 17:14:20 [main] INFO  c.e.s.s.impl.WebSocketServiceImpl - [WebSocket] 推送未读数更新: userId=1002, conversationId=private_1001_1002, unreadCount=1
2026-04-23 17:14:20 [main] WARN  c.e.s.w.NativeWebSocketHandler - [WebSocket] 用户不在线或连接已关闭: userId=1002
2026-04-23 17:14:20 [main] INFO  c.e.s.s.impl.WebSocketServiceImpl - [WebSocket] 未读数更新推送成功: userId=1002
2026-04-23 17:14:20 [main] INFO  c.e.s.s.impl.MessageServiceImpl - 用户发送消息成功: senderId=1001, receiverId=1002, messageId=2164, conversationId=private_1001_1002
Transaction synchronization deregistering SqlSession [org.apache.ibatis.session.defaults.DefaultSqlSession@671f70bc]
Transaction synchronization closing SqlSession [org.apache.ibatis.session.defaults.DefaultSqlSession@671f70bc]
]]></system-out>
  </testcase>
  <testcase name="testSendSystemNotification" classname="com.example.shop.MessageServiceRefactorTest" time="0.052">
    <system-out><![CDATA[Creating a new SqlSession
Registering transaction synchronization for SqlSession [org.apache.ibatis.session.defaults.DefaultSqlSession@16d8a25e]
JDBC Connection [HikariProxyConnection@374323716 wrapping com.mysql.cj.jdbc.ConnectionImpl@14cd3858] will be managed by Spring
==>  Preparing: INSERT INTO user ( user_id, username, password_hash, salt, role_id, status, created_at, updated_at ) VALUES ( ?, ?, ?, ?, ?, ?, ?, ? )
==> Parameters: 1001(Long), test_sender(String), hash(String), salt(String), 2(Integer), 1(Integer), 2026-04-23T17:14:20.986750(LocalDateTime), 2026-04-23T17:14:20.986750(LocalDateTime)
<==    Updates: 1
Releasing transactional SqlSession [org.apache.ibatis.session.defaults.DefaultSqlSession@16d8a25e]
Fetched SqlSession [org.apache.ibatis.session.defaults.DefaultSqlSession@16d8a25e] from current transaction
==>  Preparing: INSERT INTO user ( user_id, username, password_hash, salt, role_id, status, created_at, updated_at ) VALUES ( ?, ?, ?, ?, ?, ?, ?, ? )
==> Parameters: 1002(Long), test_receiver(String), hash(String), salt(String), 2(Integer), 1(Integer), 2026-04-23T17:14:20.990998500(LocalDateTime), 2026-04-23T17:14:20.990998500(LocalDateTime)
<==    Updates: 1
Releasing transactional SqlSession [org.apache.ibatis.session.defaults.DefaultSqlSession@16d8a25e]
Fetched SqlSession [org.apache.ibatis.session.defaults.DefaultSqlSession@16d8a25e] from current transaction
==>  Preparing: SELECT user_id,username,password_hash,salt,avatar,phone,role_id,balance,points,status,last_login_time,created_at,updated_at FROM user WHERE user_id=?
==> Parameters: 1002(Long)
<==    Columns: user_id, username, password_hash, salt, avatar, phone, role_id, balance, points, status, last_login_time, created_at, updated_at
<==        Row: 1002, test_receiver, hash, salt, null, null, 2, 0.00, 0, 1, null, 2026-04-23 17:14:21, 2026-04-23 17:14:21
<==      Total: 1
Releasing transactional SqlSession [org.apache.ibatis.session.defaults.DefaultSqlSession@16d8a25e]
Fetched SqlSession [org.apache.ibatis.session.defaults.DefaultSqlSession@16d8a25e] from current transaction
==>  Preparing: INSERT INTO message ( conversation_id, sender_id, receiver_id, content, message_type, content_type, is_read, created_at ) VALUES ( ?, ?, ?, ?, ?, ?, ?, ? )
==> Parameters: system_1002(String), 0(Long), 1002(Long), System notification test(String), 1(Integer), 2(Integer), 0(Integer), 2026-04-23T17:14:21.009632(LocalDateTime)
<==    Updates: 1
Releasing transactional SqlSession [org.apache.ibatis.session.defaults.DefaultSqlSession@16d8a25e]
2026-04-23 17:14:21 [main] INFO  c.e.s.s.impl.ConversationServiceImpl - 创建或更新会话: conversationId=system_1002, userId=1002, messageId=2165
Fetched SqlSession [org.apache.ibatis.session.defaults.DefaultSqlSession@16d8a25e] from current transaction
==>  Preparing: SELECT conversation_id,user_id,conversation_type,target_id,target_name,target_avatar,last_message_id,last_message_content,last_message_time,unread_count,total_count,is_pinned,created_at,updated_at FROM conversation WHERE (conversation_id = ? AND user_id = ?)
==> Parameters: system_1002(String), 1002(Long)
<==      Total: 0
Releasing transactional SqlSession [org.apache.ibatis.session.defaults.DefaultSqlSession@16d8a25e]
Fetched SqlSession [org.apache.ibatis.session.defaults.DefaultSqlSession@16d8a25e] from current transaction
==>  Preparing: INSERT INTO conversation ( conversation_id, user_id, conversation_type, target_id, target_name, target_avatar, last_message_id, last_message_content, last_message_time, unread_count, total_count, is_pinned, created_at, updated_at ) VALUES ( ?, ?, ?, ?, ?, ?, ?, ?, ?, ?, ?, ?, ?, ? )
==> Parameters: system_1002(String), 1002(Long), 2(Integer), 0(Long), 系统通知(String), null, 2165(Long), System notification test(String), 2026-04-23T17:14:21.009632(LocalDateTime), 1(Integer), 1(Integer), 0(Integer), 2026-04-23T17:14:21.016072100(LocalDateTime), 2026-04-23T17:14:21.016072100(LocalDateTime)
<==    Updates: 1
Releasing transactional SqlSession [org.apache.ibatis.session.defaults.DefaultSqlSession@16d8a25e]
2026-04-23 17:14:21 [main] INFO  c.e.s.s.impl.ConversationServiceImpl - 创建新会话成功: conversationId=system_1002, userId=1002
2026-04-23 17:14:21 [main] INFO  c.e.s.s.impl.WebSocketServiceImpl - [WebSocket] 推送消息: userId=1002, messageId=2165
2026-04-23 17:14:21 [main] WARN  c.e.s.w.NativeWebSocketHandler - [WebSocket] 用户不在线或连接已关闭: userId=1002
2026-04-23 17:14:21 [main] INFO  c.e.s.s.impl.WebSocketServiceImpl - [WebSocket] 消息推送成功: userId=1002, messageId=2165
Fetched SqlSession [org.apache.ibatis.session.defaults.DefaultSqlSession@16d8a25e] from current transaction
==>  Preparing: SELECT COALESCE(SUM(unread_count), 0) FROM conversation WHERE user_id = ?
==> Parameters: 1002(Long)
<==    Columns: COALESCE(SUM(unread_count), 0)
<==        Row: 1
<==      Total: 1
Releasing transactional SqlSession [org.apache.ibatis.session.defaults.DefaultSqlSession@16d8a25e]
Fetched SqlSession [org.apache.ibatis.session.defaults.DefaultSqlSession@16d8a25e] from current transaction
==>  Preparing: SELECT COALESCE(unread_count, 0) FROM conversation WHERE conversation_id = ? AND user_id = ?
==> Parameters: system_1002(String), 1002(Long)
<==    Columns: COALESCE(unread_count, 0)
<==        Row: 1
<==      Total: 1
Releasing transactional SqlSession [org.apache.ibatis.session.defaults.DefaultSqlSession@16d8a25e]
2026-04-23 17:14:21 [main] INFO  c.e.s.s.impl.WebSocketServiceImpl - [WebSocket] 推送未读数更新: userId=1002, conversationId=system_1002, unreadCount=1
2026-04-23 17:14:21 [main] WARN  c.e.s.w.NativeWebSocketHandler - [WebSocket] 用户不在线或连接已关闭: userId=1002
2026-04-23 17:14:21 [main] INFO  c.e.s.s.impl.WebSocketServiceImpl - [WebSocket] 未读数更新推送成功: userId=1002
2026-04-23 17:14:21 [main] INFO  c.e.s.s.impl.MessageServiceImpl - 管理员发送系统通知成功: senderId=1, receiverId=1002, messageId=2165, conversationId=system_1002
Transaction synchronization deregistering SqlSession [org.apache.ibatis.session.defaults.DefaultSqlSession@16d8a25e]
Transaction synchronization closing SqlSession [org.apache.ibatis.session.defaults.DefaultSqlSession@16d8a25e]
]]></system-out>
  </testcase>
  <testcase name="testGetConversationList" classname="com.example.shop.MessageServiceRefactorTest" time="0.371">
    <system-out><![CDATA[Creating a new SqlSession
Registering transaction synchronization for SqlSession [org.apache.ibatis.session.defaults.DefaultSqlSession@46f7c5c1]
JDBC Connection [HikariProxyConnection@1447824952 wrapping com.mysql.cj.jdbc.ConnectionImpl@14cd3858] will be managed by Spring
==>  Preparing: INSERT INTO user ( user_id, username, password_hash, salt, role_id, status, created_at, updated_at ) VALUES ( ?, ?, ?, ?, ?, ?, ?, ? )
==> Parameters: 1001(Long), test_sender(String), hash(String), salt(String), 2(Integer), 1(Integer), 2026-04-23T17:14:21.039862400(LocalDateTime), 2026-04-23T17:14:21.039862400(LocalDateTime)
<==    Updates: 1
Releasing transactional SqlSession [org.apache.ibatis.session.defaults.DefaultSqlSession@46f7c5c1]
Fetched SqlSession [org.apache.ibatis.session.defaults.DefaultSqlSession@46f7c5c1] from current transaction
==>  Preparing: INSERT INTO user ( user_id, username, password_hash, salt, role_id, status, created_at, updated_at ) VALUES ( ?, ?, ?, ?, ?, ?, ?, ? )
==> Parameters: 1002(Long), test_receiver(String), hash(String), salt(String), 2(Integer), 1(Integer), 2026-04-23T17:14:21.043311800(LocalDateTime), 2026-04-23T17:14:21.043311800(LocalDateTime)
<==    Updates: 1
Releasing transactional SqlSession [org.apache.ibatis.session.defaults.DefaultSqlSession@46f7c5c1]
2026-04-23 17:14:21 [main] INFO  c.e.s.s.impl.ConversationServiceImpl - 获取用户会话列表: userId=1001, page=1, size=10
Fetched SqlSession [org.apache.ibatis.session.defaults.DefaultSqlSession@46f7c5c1] from current transaction
==>  Preparing: SELECT COUNT(*) AS total FROM conversation c WHERE c.user_id = ?
==> Parameters: 1001(Long)
<==    Columns: total
<==        Row: 0
<==      Total: 1
Releasing transactional SqlSession [org.apache.ibatis.session.defaults.DefaultSqlSession@46f7c5c1]
Transaction synchronization deregistering SqlSession [org.apache.ibatis.session.defaults.DefaultSqlSession@46f7c5c1]
Transaction synchronization closing SqlSession [org.apache.ibatis.session.defaults.DefaultSqlSession@46f7c5c1]
]]></system-out>
  </testcase>
</testsuite>