<?xml version="1.0" encoding="UTF-8"?>
<testsuite xmlns:xsi="http://www.w3.org/2001/XMLSchema-instance" xsi:noNamespaceSchemaLocation="https://maven.apache.org/surefire/maven-surefire-plugin/xsd/surefire-test-report.xsd" version="3.0.2" name="com.example.shop.MessageValidationPropertyTest" time="4.559" tests="30" errors="0" skipped="0" failures="0">
  <properties>
[...]
</properties>
  <testcase name="testResourceExistenceValidation()[1]" classname="com.example.shop.MessageValidationPropertyTest" time="0.037">
    <system-out><![CDATA[2026-04-23 17:14:21 [main] INFO  o.s.t.c.s.AnnotationConfigContextLoaderUtils - Could not detect default configuration classes for test class [com.example.shop.MessageValidationPropertyTest]: MessageValidationPropertyTest does not declare any static, non-private, non-final, nested classes annotated with @Configuration.
2026-04-23 17:14:21 [main] INFO  o.s.b.t.c.SpringBootTestContextBootstrapper - Found @SpringBootConfiguration com.example.shop.ShopApplication for test class com.example.shop.MessageValidationPropertyTest
2026-04-23 17:14:21 [main] INFO  o.s.b.d.r.RestartApplicationListener - Restart disabled due to context in which it is running
2026-04-23 17:14:21 [main] DEBUG o.s.b.w.s.c.ApplicationServletEnvironment - Activating profiles [test]

  .   ____          _            __ _ _
 /\\ / ___'_ __ _ _(_)_ __  __ _ \ \ \ \
( ( )\___ | '_ | '_| | '_ \/ _` | \ \ \ \
 \\/  ___)| |_)| | | | | || (_| |  ) ) ) )
  '  |____| .__|_| |_|_| |_\__, | / / / /
 =========|_|==============|___/=/_/_/_/

 :: Spring Boot ::                (v3.4.8)

2026-04-23 17:14:21 [main] INFO  c.e.s.MessageValidationPropertyTest - Starting MessageValidationPropertyTest using Java 17.0.8 with PID 18044 (started by 86198 in D:\javawork2\shop)
2026-04-23 17:14:21 [main] INFO  c.e.s.MessageValidationPropertyTest - The following 1 profile is active: "test"
2026-04-23 17:14:22 [main] INFO  o.s.d.r.c.RepositoryConfigurationDelegate - Multiple Spring Data modules found, entering strict repository configuration mode
2026-04-23 17:14:22 [main] INFO  o.s.d.r.c.RepositoryConfigurationDelegate - Bootstrapping Spring Data Redis repositories in DEFAULT mode.
2026-04-23 17:14:22 [main] INFO  o.s.d.r.c.RepositoryConfigurationDelegate - Finished Spring Data repository scanning in 41 ms. Found 0 Redis repository interfaces.
Logging initialized using 'class org.apache.ibatis.logging.stdout.StdOutImpl' adapter.
Get /172.26.64.1 network interface 
Get network interface info: name:eth20 (Hyper-V Virtual Ethernet Adapter)
Initialization Sequence datacenterId:23 workerId:8
2026-04-23 17:14:24 [main] INFO  org.redisson.Version - Redisson 3.25.2
2026-04-23 17:14:24 [redisson-netty-17-6] INFO  o.r.c.p.MasterPubSubConnectionPool - 1 connections initialized for localhost/127.0.0.1:6379
2026-04-23 17:14:24 [redisson-netty-17-14] INFO  o.r.c.pool.MasterConnectionPool - 5 connections initialized for localhost/127.0.0.1:6379
2026-04-23 17:14:25 [main] INFO  o.s.b.a.e.web.EndpointLinksResolver - Exposing 1 endpoint beneath base path '/actuator'
2026-04-23 17:14:25 [main] INFO  c.e.s.MessageValidationPropertyTest - Started MessageValidationPropertyTest in 4.005 seconds (process running for 25.15)
2026-04-23 17:14:25 [main] INFO  c.e.s.s.impl.OrderTimeoutServiceImpl - 订单超时队列已初始化: shopping:order:timeout:queue
2026-04-23 17:14:25 [main] INFO  c.e.s.s.impl.OrderTimeoutServiceImpl - 订单超时处理服务启动成功
2026-04-23 17:14:25 [main] INFO  c.e.s.service.impl.StockInitializer - === 开始初始化库存到Redis ===
2026-04-23 17:14:25 [OrderTimeoutConsumer] INFO  c.e.s.s.impl.OrderTimeoutServiceImpl - 订单超时队列消费者已启动
Creating a new SqlSession
SqlSession [org.apache.ibatis.session.defaults.DefaultSqlSession@75723fe1] was not registered for synchronization because synchronization is not active
2026-04-23 17:14:25 [main] INFO  com.zaxxer.hikari.HikariDataSource - TestHikariCP - Starting...
2026-04-23 17:14:25 [main] INFO  com.zaxxer.hikari.pool.HikariPool - TestHikariCP - Added connection com.mysql.cj.jdbc.ConnectionImpl@5476f67a
2026-04-23 17:14:25 [main] INFO  com.zaxxer.hikari.HikariDataSource - TestHikariCP - Start completed.
JDBC Connection [HikariProxyConnection@256311286 wrapping com.mysql.cj.jdbc.ConnectionImpl@5476f67a] will not be managed by Spring
==>  Preparing: SELECT product_id,category_id,name,main_image,detail,price,original_price,stock,reserved_stock,sales,status,audit_status,reject_reason,created_at,updated_at,version FROM product
==> Parameters: 
Closing non transactional SqlSession [org.apache.ibatis.session.defaults.DefaultSqlSession@75723fe1]
2026-04-23 17:14:25 [main] ERROR c.e.s.service.impl.StockInitializer - 库存初始化失败
org.springframework.jdbc.BadSqlGrammarException: 
### Error querying database.  Cause: java.sql.SQLSyntaxErrorException: Unknown column 'audit_status' in 'field list'
### The error may exist in com/example/shop/mapper/ProductMapper.java (best guess)
### The error may involve defaultParameterMap
### The error occurred while setting parameters
### SQL: SELECT  product_id,category_id,name,main_image,detail,price,original_price,stock,reserved_stock,sales,status,audit_status,reject_reason,created_at,updated_at,version  FROM product
### Cause: java.sql.SQLSyntaxErrorException: Unknown column 'audit_status' in 'field list'
; bad SQL grammar []
	at org.springframework.jdbc.support.SQLErrorCodeSQLExceptionTranslator.doTranslate(SQLErrorCodeSQLExceptionTranslator.java:246)
	at org.springframework.jdbc.support.AbstractFallbackSQLExceptionTranslator.translate(AbstractFallbackSQLExceptionTranslator.java:107)
	at org.mybatis.spring.MyBatisExceptionTranslator.translateExceptionIfPossible(MyBatisExceptionTranslator.java:92)
	at org.mybatis.spring.SqlSessionTemplate$SqlSessionInterceptor.invoke(SqlSessionTemplate.java:439)
	at jdk.proxy2/jdk.proxy2.$Proxy118.selectList(Unknown Source)
	at org.mybatis.spring.SqlSessionTemplate.selectList(SqlSessionTemplate.java:224)
	at com.baomidou.mybatisplus.core.override.MybatisMapperMethod.executeForMany(MybatisMapperMethod.java:164)
	at com.baomidou.mybatisplus.core.override.MybatisMapperMethod.execute(MybatisMapperMethod.java:77)
	at com.baomidou.mybatisplus.core.override.MybatisMapperProxy$PlainMethodInvoker.invoke(MybatisMapperProxy.java:152)
	at com.baomidou.mybatisplus.core.override.MybatisMapperProxy.invoke(MybatisMapperProxy.java:89)
	at jdk.proxy2/jdk.proxy2.$Proxy126.selectList(Unknown Source)
	at com.example.shop.service.impl.StockInitializer.run(StockInitializer.java:33)
	at org.springframework.boot.SpringApplication.lambda$callRunner$5(SpringApplication.java:788)
	at org.springframework.util.function.ThrowingConsumer$1.acceptWithException(ThrowingConsumer.java:82)
	at org.springframework.util.function.ThrowingConsumer.accept(ThrowingConsumer.java:60)
	at org.springframework.util.function.ThrowingConsumer$1.accept(ThrowingConsumer.java:86)
	at org.springframework.boot.SpringApplication.callRunner(SpringApplication.java:796)
	at org.springframework.boot.SpringApplication.callRunner(SpringApplication.java:787)
	at org.springframework.boot.SpringApplication.lambda$callRunners$3(SpringApplication.java:772)
	at java.base/java.util.stream.ForEachOps$ForEachOp$OfRef.accept(ForEachOps.java:183)
	at java.base/java.util.stream.SortedOps$SizedRefSortingSink.end(SortedOps.java:357)
	at java.base/java.util.stream.AbstractPipeline.copyInto(AbstractPipeline.java:510)
	at java.base/java.util.stream.AbstractPipeline.wrapAndCopyInto(AbstractPipeline.java:499)
	at java.base/java.util.stream.ForEachOps$ForEachOp.evaluateSequential(ForEachOps.java:150)
	at java.base/java.util.stream.ForEachOps$ForEachOp$OfRef.evaluateSequential(ForEachOps.java:173)
	at java.base/java.util.stream.AbstractPipeline.evaluate(AbstractPipeline.java:234)
	at java.base/java.util.stream.ReferencePipeline.forEach(ReferencePipeline.java:596)
	at org.springframework.boot.SpringApplication.callRunners(SpringApplication.java:772)
	at org.springframework.boot.SpringApplication.run(SpringApplication.java:325)
	at org.springframework.boot.test.context.SpringBootContextLoader.lambda$loadContext$3(SpringBootContextLoader.java:144)
	at org.springframework.util.function.ThrowingSupplier.get(ThrowingSupplier.java:58)
	at org.springframework.util.function.ThrowingSupplier.get(ThrowingSupplier.java:46)
	at org.springframework.boot.SpringApplication.withHook(SpringApplication.java:1461)
	at org.springframework.boot.test.context.SpringBootContextLoader$ContextLoaderHook.run(SpringBootContextLoader.java:563)
	at org.springframework.boot.test.context.SpringBootContextLoader.loadContext(SpringBootContextLoader.java:144)
	at org.springframework.boot.test.context.SpringBootContextLoader.loadContext(SpringBootContextLoader.java:110)
	at org.springframework.test.context.cache.DefaultCacheAwareContextLoaderDelegate.loadContextInternal(DefaultCacheAwareContextLoaderDelegate.java:225)
	at org.springframework.test.context.cache.DefaultCacheAwareContextLoaderDelegate.loadContext(DefaultCacheAwareContextLoaderDelegate.java:152)
	at org.springframework.test.context.support.DefaultTestContext.getApplicationContext(DefaultTestContext.java:130)
	at org.springframework.test.context.web.ServletTestExecutionListener.setUpRequestContextIfNecessary(ServletTestExecutionListener.java:200)
	at org.springframework.test.context.web.ServletTestExecutionListener.prepareTestInstance(ServletTestExecutionListener.java:139)
	at org.springframework.test.context.TestContextManager.prepareTestInstance(TestContextManager.java:260)
	at org.springframework.test.context.junit.jupiter.SpringExtension.postProcessTestInstance(SpringExtension.java:159)
	at org.junit.jupiter.engine.descriptor.ClassBasedTestDescriptor.lambda$invokeTestInstancePostProcessors$11(ClassBasedTestDescriptor.java:378)
	at org.junit.jupiter.engine.descriptor.ClassBasedTestDescriptor.executeAndMaskThrowable(ClassBasedTestDescriptor.java:383)
	at org.junit.jupiter.engine.descriptor.ClassBasedTestDescriptor.lambda$invokeTestInstancePostProcessors$12(ClassBasedTestDescriptor.java:378)
	at java.base/java.util.stream.ForEachOps$ForEachOp$OfRef.accept(ForEachOps.java:183)
	at java.base/java.util.stream.ReferencePipeline$3$1.accept(ReferencePipeline.java:197)
	at java.base/java.util.stream.ReferencePipeline$2$1.accept(ReferencePipeline.java:179)
	at java.base/java.util.stream.ReferencePipeline$3$1.accept(ReferencePipeline.java:197)
	at java.base/java.util.ArrayList$ArrayListSpliterator.forEachRemaining(ArrayList.java:1625)
	at java.base/java.util.stream.AbstractPipeline.copyInto(AbstractPipeline.java:509)
	at java.base/java.util.stream.AbstractPipeline.wrapAndCopyInto(AbstractPipeline.java:499)
	at java.base/java.util.stream.ForEachOps$ForEachOp.evaluateSequential(ForEachOps.java:150)
	at java.base/java.util.stream.ForEachOps$ForEachOp$OfRef.evaluateSequential(ForEachOps.java:173)
	at java.base/java.util.stream.AbstractPipeline.evaluate(AbstractPipeline.java:234)
	at java.base/java.util.stream.ReferencePipeline.forEach(ReferencePipeline.java:596)
	at org.junit.jupiter.engine.descriptor.ClassBasedTestDescriptor.invokeTestInstancePostProcessors(ClassBasedTestDescriptor.java:377)
	at org.junit.jupiter.engine.descriptor.ClassBasedTestDescriptor.lambda$instantiateAndPostProcessTestInstance$7(ClassBasedTestDescriptor.java:290)
	at org.junit.platform.engine.support.hierarchical.ThrowableCollector.execute(ThrowableCollector.java:73)
	at org.junit.jupiter.engine.descriptor.ClassBasedTestDescriptor.instantiateAndPostProcessTestInstance(ClassBasedTestDescriptor.java:289)
	at org.junit.jupiter.engine.descriptor.ClassBasedTestDescriptor.lambda$testInstancesProvider$5(ClassBasedTestDescriptor.java:279)
	at java.base/java.util.Optional.orElseGet(Optional.java:364)
	at org.junit.jupiter.engine.descriptor.ClassBasedTestDescriptor.lambda$testInstancesProvider$6(ClassBasedTestDescriptor.java:278)
	at org.junit.jupiter.engine.execution.TestInstancesProvider.getTestInstances(TestInstancesProvider.java:31)
	at org.junit.jupiter.engine.descriptor.TestMethodTestDescriptor.lambda$prepare$1(TestMethodTestDescriptor.java:105)
	at org.junit.platform.engine.support.hierarchical.ThrowableCollector.execute(ThrowableCollector.java:73)
	at org.junit.jupiter.engine.descriptor.TestMethodTestDescriptor.prepare(TestMethodTestDescriptor.java:104)
	at org.junit.jupiter.engine.descriptor.TestMethodTestDescriptor.prepare(TestMethodTestDescriptor.java:68)
	at org.junit.platform.engine.support.hierarchical.NodeTestTask.lambda$prepare$2(NodeTestTask.java:128)
	at org.junit.platform.engine.support.hierarchical.ThrowableCollector.execute(ThrowableCollector.java:73)
	at org.junit.platform.engine.support.hierarchical.NodeTestTask.prepare(NodeTestTask.java:128)
	at org.junit.platform.engine.support.hierarchical.NodeTestTask.execute(NodeTestTask.java:95)
	at org.junit.platform.engine.support.hierarchical.SameThreadHierarchicalTestExecutorService.submit(SameThreadHierarchicalTestExecutorService.java:35)
	at org.junit.platform.engine.support.hierarchical.NodeTestTask$DefaultDynamicTestExecutor.execute(NodeTestTask.java:231)
	at org.junit.platform.engine.support.hierarchical.NodeTestTask$DefaultDynamicTestExecutor.execute(NodeTestTask.java:209)
	at org.junit.jupiter.engine.descriptor.TestTemplateTestDescriptor.execute(TestTemplateTestDescriptor.java:141)
	at org.junit.jupiter.engine.descriptor.TestTemplateTestDescriptor.lambda$execute$3(TestTemplateTestDescriptor.java:109)
	at java.base/java.util.stream.ForEachOps$ForEachOp$OfRef.accept(ForEachOps.java:183)
	at java.base/java.util.stream.ReferencePipeline$3$1.accept(ReferencePipeline.java:197)
	at java.base/java.util.stream.ReferencePipeline$2$1.accept(ReferencePipeline.java:179)
	at java.base/java.util.stream.ReferencePipeline$3$1.accept(ReferencePipeline.java:197)
	at java.base/java.util.stream.ForEachOps$ForEachOp$OfRef.accept(ForEachOps.java:183)
	at java.base/java.util.stream.ReferencePipeline$3$1.accept(ReferencePipeline.java:197)
	at java.base/java.util.stream.IntPipeline$1$1.accept(IntPipeline.java:180)
	at java.base/java.util.stream.Streams$RangeIntSpliterator.forEachRemaining(Streams.java:104)
	at java.base/java.util.Spliterator$OfInt.forEachRemaining(Spliterator.java:711)
	at java.base/java.util.stream.AbstractPipeline.copyInto(AbstractPipeline.java:509)
	at java.base/java.util.stream.AbstractPipeline.wrapAndCopyInto(AbstractPipeline.java:499)
	at java.base/java.util.stream.ForEachOps$ForEachOp.evaluateSequential(ForEachOps.java:150)
	at java.base/java.util.stream.ForEachOps$ForEachOp$OfRef.evaluateSequential(ForEachOps.java:173)
	at java.base/java.util.stream.AbstractPipeline.evaluate(AbstractPipeline.java:234)
	at java.base/java.util.stream.ReferencePipeline.forEach(ReferencePipeline.java:596)
	at java.base/java.util.stream.ReferencePipeline$7$1.accept(ReferencePipeline.java:276)
	at java.base/java.util.ArrayList$ArrayListSpliterator.forEachRemaining(ArrayList.java:1625)
	at java.base/java.util.stream.AbstractPipeline.copyInto(AbstractPipeline.java:509)
	at java.base/java.util.stream.AbstractPipeline.wrapAndCopyInto(AbstractPipeline.java:499)
	at java.base/java.util.stream.ForEachOps$ForEachOp.evaluateSequential(ForEachOps.java:150)
	at java.base/java.util.stream.ForEachOps$ForEachOp$OfRef.evaluateSequential(ForEachOps.java:173)
	at java.base/java.util.stream.AbstractPipeline.evaluate(AbstractPipeline.java:234)
	at java.base/java.util.stream.ReferencePipeline.forEach(ReferencePipeline.java:596)
	at org.junit.jupiter.engine.descriptor.TestTemplateTestDescriptor.execute(TestTemplateTestDescriptor.java:109)
	at org.junit.jupiter.engine.descriptor.TestTemplateTestDescriptor.execute(TestTemplateTestDescriptor.java:43)
	at org.junit.platform.engine.support.hierarchical.NodeTestTask.lambda$executeRecursively$6(NodeTestTask.java:156)
	at org.junit.platform.engine.support.hierarchical.ThrowableCollector.execute(ThrowableCollector.java:73)
	at org.junit.platform.engine.support.hierarchical.NodeTestTask.lambda$executeRecursively$8(NodeTestTask.java:146)
	at org.junit.platform.engine.support.hierarchical.Node.around(Node.java:137)
	at org.junit.platform.engine.support.hierarchical.NodeTestTask.lambda$executeRecursively$9(NodeTestTask.java:144)
	at org.junit.platform.engine.support.hierarchical.ThrowableCollector.execute(ThrowableCollector.java:73)
	at org.junit.platform.engine.support.hierarchical.NodeTestTask.executeRecursively(NodeTestTask.java:143)
	at org.junit.platform.engine.support.hierarchical.NodeTestTask.execute(NodeTestTask.java:100)
	at java.base/java.util.ArrayList.forEach(ArrayList.java:1511)
	at org.junit.platform.engine.support.hierarchical.SameThreadHierarchicalTestExecutorService.invokeAll(SameThreadHierarchicalTestExecutorService.java:41)
	at org.junit.platform.engine.support.hierarchical.NodeTestTask.lambda$executeRecursively$6(NodeTestTask.java:160)
	at org.junit.platform.engine.support.hierarchical.ThrowableCollector.execute(ThrowableCollector.java:73)
	at org.junit.platform.engine.support.hierarchical.NodeTestTask.lambda$executeRecursively$8(NodeTestTask.java:146)
	at org.junit.platform.engine.support.hierarchical.Node.around(Node.java:137)
	at org.junit.platform.engine.support.hierarchical.NodeTestTask.lambda$executeRecursively$9(NodeTestTask.java:144)
	at org.junit.platform.engine.support.hierarchical.ThrowableCollector.execute(ThrowableCollector.java:73)
	at org.junit.platform.engine.support.hierarchical.NodeTestTask.executeRecursively(NodeTestTask.java:143)
	at org.junit.platform.engine.support.hierarchical.NodeTestTask.execute(NodeTestTask.java:100)
	at java.base/java.util.ArrayList.forEach(ArrayList.java:1511)
	at org.junit.platform.engine.support.hierarchical.SameThreadHierarchicalTestExecutorService.invokeAll(SameThreadHierarchicalTestExecutorService.java:41)
	at org.junit.platform.engine.support.hierarchical.NodeTestTask.lambda$executeRecursively$6(NodeTestTask.java:160)
	at org.junit.platform.engine.support.hierarchical.ThrowableCollector.execute(ThrowableCollector.java:73)
	at org.junit.platform.engine.support.hierarchical.NodeTestTask.lambda$executeRecursively$8(NodeTestTask.java:146)
	at org.junit.platform.engine.support.hierarchical.Node.around(Node.java:137)
	at org.junit.platform.engine.support.hierarchical.NodeTestTask.lambda$executeRecursively$9(NodeTestTask.java:144)
	at org.junit.platform.engine.support.hierarchical.ThrowableCollector.execute(ThrowableCollector.java:73)
	at org.junit.platform.engine.support.hierarchical.NodeTestTask.executeRecursively(NodeTestTask.java:143)
	at org.junit.platform.engine.support.hierarchical.NodeTestTask.execute(NodeTestTask.java:100)
	at org.junit.platform.engine.support.hierarchical.SameThreadHierarchicalTestExecutorService.submit(SameThreadHierarchicalTestExecutorService.java:35)
	at org.junit.platform.engine.support.hierarchical.HierarchicalTestExecutor.execute(HierarchicalTestExecutor.java:57)
	at org.junit.platform.engine.support.hierarchical.HierarchicalTestEngine.execute(HierarchicalTestEngine.java:54)
	at org.junit.platform.launcher.core.EngineExecutionOrchestrator.execute(EngineExecutionOrchestrator.java:198)
	at org.junit.platform.launcher.core.EngineExecutionOrchestrator.execute(EngineExecutionOrchestrator.java:169)
	at org.junit.platform.launcher.core.EngineExecutionOrchestrator.execute(EngineExecutionOrchestrator.java:93)
	at org.junit.platform.launcher.core.EngineExecutionOrchestrator.lambda$execute$0(EngineExecutionOrchestrator.java:58)
	at org.junit.platform.launcher.core.EngineExecutionOrchestrator.withInterceptedStreams(EngineExecutionOrchestrator.java:141)
	at org.junit.platform.launcher.core.EngineExecutionOrchestrator.execute(EngineExecutionOrchestrator.java:57)
	at org.junit.platform.launcher.core.DefaultLauncher.execute(DefaultLauncher.java:103)
	at org.junit.platform.launcher.core.DefaultLauncher.execute(DefaultLauncher.java:85)
	at org.junit.platform.launcher.core.DelegatingLauncher.execute(DelegatingLauncher.java:47)
	at org.apache.maven.surefire.junitplatform.LazyLauncher.execute(LazyLauncher.java:56)
	at org.apache.maven.surefire.junitplatform.JUnitPlatformProvider.execute(JUnitPlatformProvider.java:194)
	at org.apache.maven.surefire.junitplatform.JUnitPlatformProvider.invokeAllTests(JUnitPlatformProvider.java:150)
	at org.apache.maven.surefire.junitplatform.JUnitPlatformProvider.invoke(JUnitPlatformProvider.java:124)
	at org.apache.maven.surefire.booter.ForkedBooter.runSuitesInProcess(ForkedBooter.java:385)
	at org.apache.maven.surefire.booter.ForkedBooter.execute(ForkedBooter.java:162)
	at org.apache.maven.surefire.booter.ForkedBooter.run(ForkedBooter.java:507)
	at org.apache.maven.surefire.booter.ForkedBooter.main(ForkedBooter.java:495)
Caused by: java.sql.SQLSyntaxErrorException: Unknown column 'audit_status' in 'field list'
	at com.mysql.cj.jdbc.exceptions.SQLError.createSQLException(SQLError.java:121)
	at com.mysql.cj.jdbc.exceptions.SQLExceptionsMapping.translateException(SQLExceptionsMapping.java:122)
	at com.mysql.cj.jdbc.ClientPreparedStatement.executeInternal(ClientPreparedStatement.java:916)
	at com.mysql.cj.jdbc.ClientPreparedStatement.execute(ClientPreparedStatement.java:354)
	at com.zaxxer.hikari.pool.ProxyPreparedStatement.execute(ProxyPreparedStatement.java:44)
	at com.zaxxer.hikari.pool.HikariProxyPreparedStatement.execute(HikariProxyPreparedStatement.java)
	at jdk.internal.reflect.GeneratedMethodAccessor34.invoke(Unknown Source)
	at java.base/jdk.internal.reflect.DelegatingMethodAccessorImpl.invoke(DelegatingMethodAccessorImpl.java:43)
	at java.base/java.lang.reflect.Method.invoke(Method.java:568)
	at org.apache.ibatis.logging.jdbc.PreparedStatementLogger.invoke(PreparedStatementLogger.java:58)
	at jdk.proxy3/jdk.proxy3.$Proxy171.execute(Unknown Source)
	at org.apache.ibatis.executor.statement.PreparedStatementHandler.query(PreparedStatementHandler.java:65)
	at org.apache.ibatis.executor.statement.RoutingStatementHandler.query(RoutingStatementHandler.java:80)
	at jdk.internal.reflect.GeneratedMethodAccessor50.invoke(Unknown Source)
	at java.base/jdk.internal.reflect.DelegatingMethodAccessorImpl.invoke(DelegatingMethodAccessorImpl.java:43)
	at java.base/java.lang.reflect.Method.invoke(Method.java:568)
	at org.apache.ibatis.plugin.Plugin.invoke(Plugin.java:61)
	at jdk.proxy2/jdk.proxy2.$Proxy169.query(Unknown Source)
	at org.apache.ibatis.executor.SimpleExecutor.doQuery(SimpleExecutor.java:65)
	at org.apache.ibatis.executor.BaseExecutor.queryFromDatabase(BaseExecutor.java:336)
	at org.apache.ibatis.executor.BaseExecutor.query(BaseExecutor.java:158)
	at com.baomidou.mybatisplus.extension.plugins.MybatisPlusInterceptor.intercept(MybatisPlusInterceptor.java:81)
	at org.apache.ibatis.plugin.Plugin.invoke(Plugin.java:59)
	at jdk.proxy2/jdk.proxy2.$Proxy168.query(Unknown Source)
	at org.apache.ibatis.session.defaults.DefaultSqlSession.selectList(DefaultSqlSession.java:154)
	at org.apache.ibatis.session.defaults.DefaultSqlSession.selectList(DefaultSqlSession.java:147)
	at org.apache.ibatis.session.defaults.DefaultSqlSession.selectList(DefaultSqlSession.java:142)
	at jdk.internal.reflect.GeneratedMethodAccessor60.invoke(Unknown Source)
	at java.base/jdk.internal.reflect.DelegatingMethodAccessorImpl.invoke(DelegatingMethodAccessorImpl.java:43)
	at java.base/java.lang.reflect.Method.invoke(Method.java:568)
	at org.mybatis.spring.SqlSessionTemplate$SqlSessionInterceptor.invoke(SqlSessionTemplate.java:425)
	... 147 common frames omitted
]]></system-out>
  </testcase>
  <testcase name="testResourceExistenceValidation()[2]" classname="com.example.shop.MessageValidationPropertyTest" time="0.023"/>
  <testcase name="testResourceExistenceValidation()[3]" classname="com.example.shop.MessageValidationPropertyTest" time="0.013"/>
  <testcase name="testResourceExistenceValidation()[4]" classname="com.example.shop.MessageValidationPropertyTest" time="0.01"/>
  <testcase name="testResourceExistenceValidation()[5]" classname="com.example.shop.MessageValidationPropertyTest" time="0.008"/>
  <testcase name="testResourceExistenceValidation()[6]" classname="com.example.shop.MessageValidationPropertyTest" time="0.007"/>
  <testcase name="testResourceExistenceValidation()[7]" classname="com.example.shop.MessageValidationPropertyTest" time="0.01"/>
  <testcase name="testResourceExistenceValidation()[8]" classname="com.example.shop.MessageValidationPropertyTest" time="0.007"/>
  <testcase name="testResourceExistenceValidation()[9]" classname="com.example.shop.MessageValidationPropertyTest" time="0.008"/>
  <testcase name="testResourceExistenceValidation()[10]" classname="com.example.shop.MessageValidationPropertyTest" time="0.011"/>
  <testcase name="testInputValidationErrorHandling()[1]" classname="com.example.shop.MessageValidationPropertyTest" time="0.047"/>
  <testcase name="testInputValidationErrorHandling()[2]" classname="com.example.shop.MessageValidationPropertyTest" time="0.012"/>
  <testcase name="testInputValidationErrorHandling()[3]" classname="com.example.shop.MessageValidationPropertyTest" time="0.008"/>
  <testcase name="testInputValidationErrorHandling()[4]" classname="com.example.shop.MessageValidationPropertyTest" time="0.012"/>
  <testcase name="testInputValidationErrorHandling()[5]" classname="com.example.shop.MessageValidationPropertyTest" time="0.01"/>
  <testcase name="testInputValidationErrorHandling()[6]" classname="com.example.shop.MessageValidationPropertyTest" time="0.01"/>
  <testcase name="testInputValidationErrorHandling()[7]" classname="com.example.shop.MessageValidationPropertyTest" time="0.011"/>
  <testcase name="testInputValidationErrorHandling()[8]" classname="com.example.shop.MessageValidationPropertyTest" time="0.011"/>
  <testcase name="testInputValidationErrorHandling()[9]" classname="com.example.shop.MessageValidationPropertyTest" time="0.012"/>
  <testcase name="testInputValidationErrorHandling()[10]" classname="com.example.shop.MessageValidationPropertyTest" time="0.009"/>
  <testcase name="testPermissionValidationConsistency()[1]" classname="com.example.shop.MessageValidationPropertyTest" time="0.029">
    <system-out><![CDATA[2026-04-23 17:14:25 [main] ERROR c.e.s.s.i.MessageValidationServiceImpl - 会话访问权限验证失败: conversationId=private_4568_8399, userId=2273, error=会话不存在: conversationId=private_4568_8399, userId=2273
]]></system-out>
  </testcase>
  <testcase name="testPermissionValidationConsistency()[2]" classname="com.example.shop.MessageValidationPropertyTest" time="0.013">
    <system-out><![CDATA[2026-04-23 17:14:25 [main] ERROR c.e.s.s.i.MessageValidationServiceImpl - 会话访问权限验证失败: conversationId=private_2892_5277, userId=5114, error=会话不存在: conversationId=private_2892_5277, userId=5114
]]></system-out>
  </testcase>
  <testcase name="testPermissionValidationConsistency()[3]" classname="com.example.shop.MessageValidationPropertyTest" time="0.014">
    <system-out><![CDATA[2026-04-23 17:14:25 [main] ERROR c.e.s.s.i.MessageValidationServiceImpl - 会话访问权限验证失败: conversationId=private_988_5155, userId=8887, error=会话不存在: conversationId=private_988_5155, userId=8887
]]></system-out>
  </testcase>
  <testcase name="testPermissionValidationConsistency()[4]" classname="com.example.shop.MessageValidationPropertyTest" time="0.009">
    <system-out><![CDATA[2026-04-23 17:14:25 [main] ERROR c.e.s.s.i.MessageValidationServiceImpl - 会话访问权限验证失败: conversationId=private_3097_9304, userId=2437, error=会话不存在: conversationId=private_3097_9304, userId=2437
]]></system-out>
  </testcase>
  <testcase name="testPermissionValidationConsistency()[5]" classname="com.example.shop.MessageValidationPropertyTest" time="0.007">
    <system-out><![CDATA[2026-04-23 17:14:25 [main] ERROR c.e.s.s.i.MessageValidationServiceImpl - 会话访问权限验证失败: conversationId=private_5340_5493, userId=5752, error=会话不存在: conversationId=private_5340_5493, userId=5752
]]></system-out>
  </testcase>
  <testcase name="testPermissionValidationConsistency()[6]" classname="com.example.shop.MessageValidationPropertyTest" time="0.01">
    <system-out><![CDATA[2026-04-23 17:14:25 [main] ERROR c.e.s.s.i.MessageValidationServiceImpl - 会话访问权限验证失败: conversationId=private_277_6925, userId=5456, error=会话不存在: conversationId=private_277_6925, userId=5456
]]></system-out>
  </testcase>
  <testcase name="testPermissionValidationConsistency()[7]" classname="com.example.shop.MessageValidationPropertyTest" time="0.008">
    <system-out><![CDATA[2026-04-23 17:14:25 [main] ERROR c.e.s.s.i.MessageValidationServiceImpl - 会话访问权限验证失败: conversationId=private_400_4024, userId=5022, error=会话不存在: conversationId=private_400_4024, userId=5022
]]></system-out>
  </testcase>
  <testcase name="testPermissionValidationConsistency()[8]" classname="com.example.shop.MessageValidationPropertyTest" time="0.008">
    <system-out><![CDATA[2026-04-23 17:14:25 [main] ERROR c.e.s.s.i.MessageValidationServiceImpl - 会话访问权限验证失败: conversationId=private_7416_7755, userId=3306, error=会话不存在: conversationId=private_7416_7755, userId=3306
]]></system-out>
  </testcase>
  <testcase name="testPermissionValidationConsistency()[9]" classname="com.example.shop.MessageValidationPropertyTest" time="0.007">
    <system-out><![CDATA[2026-04-23 17:14:25 [main] ERROR c.e.s.s.i.MessageValidationServiceImpl - 会话访问权限验证失败: conversationId=private_8325_9336, userId=2369, error=会话不存在: conversationId=private_8325_9336, userId=2369
]]></system-out>
  </testcase>
  <testcase name="testPermissionValidationConsistency()[10]" classname="com.example.shop.MessageValidationPropertyTest" time="0.01">
    <system-out><![CDATA[2026-04-23 17:14:25 [main] ERROR c.e.s.s.i.MessageValidationServiceImpl - 会话访问权限验证失败: conversationId=private_1586_4181, userId=2346, error=会话不存在: conversationId=private_1586_4181, userId=2346
]]></system-out>
  </testcase>
</testsuite>